#
# A fatal error has been detected by the Java Runtime Environment:
#
#  EXCEPTION_ACCESS_VIOLATION (0xc0000005) at pc=0x0000000000000000, pid=17920, tid=31596
#
# JRE version: OpenJDK Runtime Environment JBR-21.0.6+9-895.97-jcef (21.0.6+9) (build 21.0.6+9-b895.97)
# Java VM: OpenJDK 64-Bit Server VM JBR-21.0.6+9-895.97-jcef (21.0.6+9-b895.97, mixed mode, sharing, tiered, compressed oops, compressed class ptrs, g1 gc, windows-amd64)
# Problematic frame:
# C  [glfw.dll+0x2394]
#
# No core dump will be written. Minidumps are not enabled by default on client versions of Windows
#
# If you would like to submit a bug report, please visit:
#   https://youtrack.jetbrains.com/issues/JBR
# The crash happened outside the Java Virtual Machine in native code.
# See problematic frame for where to report the bug.
#

---------------  S U M M A R Y ------------

Command Line: -Dfile.encoding=UTF-8 -Duser.country=GB -Duser.language=en -Duser.variant me.wh4i3.turbine.Main

Host: 11th Gen Intel(R) Core(TM) i5-11400F @ 2.60GHz, 12 cores, 15G,  Windows 10 , 64 bit Build 19041 (10.0.19041.5915)
Time: Sat Jul 19 01:45:23 2025 W. Europe Summer Time elapsed time: 0.248047 seconds (0d 0h 0m 0s)

---------------  T H R E A D  ---------------

Current thread (0x000001ee6e04bd80):  JavaThread "Thread-0"         [_thread_in_native, id=31596, stack(0x0000007e46d00000,0x0000007e46e00000) (1024K)]

Stack: [0x0000007e46d00000,0x0000007e46e00000],  sp=0x0000007e46dfe880,  free space=1018k
Native frames: (J=compiled Java code, j=interpreted, Vv=VM code, C=native code)

Java frames: (J=compiled Java code, j=interpreted, Vv=VM code)
j  org.lwjgl.system.JNI.invokeI(J)I+0
j  org.lwjgl.glfw.GLFW.glfwInit()Z+8
j  me.wh4i3.turbine.RenderThread.init()V+10
j  me.wh4i3.turbine.RenderThread.run()V+14
v  ~StubRoutines::call_stub 0x000001ee189b10e7

siginfo: EXCEPTION_ACCESS_VIOLATION (0xc0000005), data execution prevention violation at address 0x0000000000000000


Registers:
RAX=0xffffffffffffffff, RBX=0x0000000000000014, RCX=0x0000000000000014, RDX=0x0000000000000000
RSP=0x0000007e46dfe878, RBP=0x0000000000000000, RSI=0x0000007e46dfee34, RDI=0x0000000000000014
R8 =0x0000000000000001, R9 =0x0000007e46dfee5c, R10=0x0000007e46dfee5c, R11=0x0000000000000000
R12=0x0000000000000000, R13=0x0000000000000000, R14=0x0000007e46dfeaa0, R15=0x0000000000000001
RIP=0x0000000000000000, EFLAGS=0x0000000000010206

XMM[0]=0x0000000000000000 0x0000000000000000
XMM[1]=0x0000000000000000 0x0000000000000000
XMM[2]=0x0033003000310065 0x0062003200300030
XMM[3]=0x0030003000300030 0x005c007d00380031
XMM[4]=0x0000000000000000 0x0000000000000000
XMM[5]=0x0000000000000000 0x0000000000000000
XMM[6]=0x0000000000000000 0x0000000000000000
XMM[7]=0x0000000000000000 0x0000000000000000
XMM[8]=0x0000000000000000 0x0000000000000000
XMM[9]=0x0000000000000000 0x0000000000000000
XMM[10]=0x0000000000000000 0x0000000000000000
XMM[11]=0x0000000000000000 0x0000000000000000
XMM[12]=0x0000000000000000 0x0000000000000000
XMM[13]=0x0000000000000000 0x0000000000000000
XMM[14]=0x0000000000000000 0x0000000000000000
XMM[15]=0x0000000000000000 0x0000000000000000
  MXCSR=0x00001fa0


Register to memory mapping:

RAX=0xffffffffffffffff is an unknown value
RBX=0x0000000000000014 is an unknown value
RCX=0x0000000000000014 is an unknown value
RDX=0x0 is null
RSP=0x0000007e46dfe878 is pointing into the stack for thread: 0x000001ee6e04bd80
RBP=0x0 is null
RSI=0x0000007e46dfee34 is pointing into the stack for thread: 0x000001ee6e04bd80
RDI=0x0000000000000014 is an unknown value
R8 =0x0000000000000001 is an unknown value
R9 =0x0000007e46dfee5c is pointing into the stack for thread: 0x000001ee6e04bd80
R10=0x0000007e46dfee5c is pointing into the stack for thread: 0x000001ee6e04bd80
R11=0x0 is null
R12=0x0 is null
R13=0x0 is null
R14=0x0000007e46dfeaa0 is pointing into the stack for thread: 0x000001ee6e04bd80
R15=0x0000000000000001 is an unknown value

Top of Stack: (sp=0x0000007e46dfe878)
0x0000007e46dfe878:   00007ffab0df2394 0000000000000000
0x0000007e46dfe888:   000001ee189b89d2 0000007e46dfee34
0x0000007e46dfe898:   0000000000000000 0000000000000000
0x0000007e46dfe8a8:   00007ffab0dfc6d9 0000000000000014
0x0000007e46dfe8b8:   0000000000000000 0000007e46dfeaa0
0x0000007e46dfe8c8:   0000000000000000 0000000000000000
0x0000007e46dfe8d8:   0000000000000000 0000000000000000
0x0000007e46dfe8e8:   0000000000000000 000001ee189b89d2
0x0000007e46dfe8f8:   00007ffab0dffc27 0000000000000000
0x0000007e46dfe908:   0000000000000000 0000007e46dfedf0
0x0000007e46dfe918:   0000000000000000 0000000000000000
0x0000007e46dfe928:   006700650052005c 0072007400730069
0x0000007e46dfe938:   0061004d005c0079 006e006900680063
0x0000007e46dfe948:   00790053005c0065 006d006500740073
0x0000007e46dfe958:   007200750043005c 0074006e00650072
0x0000007e46dfe968:   0074006e006f0043 0053006c006f0072
0x0000007e46dfe978:   0043005c00740065 00720074006e006f
0x0000007e46dfe988:   0043005c006c006f 007300730061006c
0x0000007e46dfe998:   00640034007b005c 0039006500360033
0x0000007e46dfe9a8:   0065002d00650036 002d003500320033
0x0000007e46dfe9b8:   0065006300310031 006300660062002d
0x0000007e46dfe9c8:   00380030002d0031 0062003200300030
0x0000007e46dfe9d8:   0033003000310065 005c007d00380031
0x0000007e46dfe9e8:   0030003000300030 0000000000000000
0x0000007e46dfe9f8:   0000000000000000 0000000000000000
0x0000007e46dfea08:   0000000000000000 0000000000000000
0x0000007e46dfea18:   0000000000000000 0000000000000000
0x0000007e46dfea28:   00007ffae2d128cd 00008522adc20be4
0x0000007e46dfea38:   0000000000000000 00007ffae09f1b70
0x0000007e46dfea48:   0000000000000001 0000000000000000
0x0000007e46dfea58:   000001ee189b89d2 0000000000000000
0x0000007e46dfea68:   0000000000000000 0000000000000000 

Instructions: (pc=0x00007ffab0df2394)
0x00007ffab0df2294:   48 8b d0 48 8d 0d fe df 07 00 48 8b f8 e8 4a 9f
0x00007ffab0df22a4:   00 00 48 8d 0d 03 e0 07 00 e8 2e 9f 00 00 48 8b
0x00007ffab0df22b4:   05 af cd 07 00 48 8d 0d f0 df 07 00 48 89 07 48
0x00007ffab0df22c4:   89 3d 9e cd 07 00 e8 31 9f 00 00 eb 07 48 8d 3d
0x00007ffab0df22d4:   c8 f3 07 00 48 8d 44 24 30 89 5f 08 48 2b f8 48
0x00007ffab0df22e4:   8d 4c 24 30 0f 1f 84 00 00 00 00 00 0f b6 01 88
0x00007ffab0df22f4:   44 39 0c 48 8d 49 01 84 c0 75 f1 48 8b 05 aa f7
0x00007ffab0df2304:   07 00 48 8b bc 24 48 04 00 00 48 85 c0 74 09 48
0x00007ffab0df2314:   8d 54 24 30 8b cb ff d0 48 8b 8d 30 03 00 00 48
0x00007ffab0df2324:   33 cc e8 95 48 01 00 48 81 c4 58 04 00 00 5b 5d
0x00007ffab0df2334:   c3 cc cc cc cc cc cc cc cc cc cc cc 40 53 48 83
0x00007ffab0df2344:   ec 20 4c 8b c2 48 8b d9 48 85 c9 74 66 48 85 d2
0x00007ffab0df2354:   74 61 33 d2 48 c7 c0 ff ff ff ff 49 f7 f0 48 3b
0x00007ffab0df2364:   c8 76 19 48 8d 15 2a 09 03 00 b9 04 00 01 00 e8
0x00007ffab0df2374:   38 fb ff ff 33 c0 48 83 c4 20 5b c3 48 8b 15 69
0x00007ffab0df2384:   c5 07 00 49 0f af d8 48 8b cb ff 15 44 c5 07 00
0x00007ffab0df2394:   48 85 c0 74 12 4c 8b c3 33 d2 48 8b c8 48 83 c4
0x00007ffab0df23a4:   20 5b e9 25 de 02 00 33 d2 b9 05 00 01 00 e8 f9
0x00007ffab0df23b4:   fa ff ff 33 c0 48 83 c4 20 5b c3 cc 48 85 c9 74
0x00007ffab0df23c4:   0e 48 8b 15 24 c5 07 00 48 ff 25 15 c5 07 00 c3
0x00007ffab0df23d4:   cc cc cc cc cc cc cc cc cc cc cc cc 3b ca 0f 4f
0x00007ffab0df23e4:   d1 8b c2 c3 cc cc cc cc cc cc cc cc 3b ca 0f 4c
0x00007ffab0df23f4:   d1 8b c2 c3 cc cc cc cc cc cc cc cc 40 53 48 83
0x00007ffab0df2404:   ec 20 48 8b da 48 85 c9 74 40 48 85 d2 74 26 4c
0x00007ffab0df2414:   8b 05 d6 c4 07 00 ff 15 c0 c4 07 00 48 85 c0 75
0x00007ffab0df2424:   0e 33 d2 b9 05 00 01 00 e8 7f fa ff ff 33 c0 48
0x00007ffab0df2434:   83 c4 20 5b c3 48 8b 15 b0 c4 07 00 ff 15 a2 c4
0x00007ffab0df2444:   07 00 33 c0 48 83 c4 20 5b c3 48 85 db 74 de 33
0x00007ffab0df2454:   d2 48 c7 c0 ff ff ff ff 48 f7 f3 48 83 f8 01 73
0x00007ffab0df2464:   19 48 8d 15 2c 08 03 00 b9 04 00 01 00 e8 3a fa
0x00007ffab0df2474:   ff ff 33 c0 48 83 c4 20 5b c3 48 8b 15 6b c4 07
0x00007ffab0df2484:   00 48 8b cb ff 15 4a c4 07 00 48 85 c0 74 92 4c 


Stack slot to memory mapping:

stack at sp + 0 slots: 0x0 is null
stack at sp + 1 slots: 0x000001ee189b89d2 is at code_begin+1554 in an Interpreter codelet
return entry points  [0x000001ee189b83c0, 0x000001ee189b8f60]  2976 bytes
stack at sp + 2 slots: 0x0000007e46dfee34 is pointing into the stack for thread: 0x000001ee6e04bd80
stack at sp + 3 slots: 0x0 is null
stack at sp + 4 slots: 0x0 is null
stack at sp + 5 slots: 0x00007ffab0dfc6d9 glfw.dll
stack at sp + 6 slots: 0x0000000000000014 is an unknown value
stack at sp + 7 slots: 0x0 is null


---------------  P R O C E S S  ---------------

Threads class SMR info:
_java_thread_list=0x000001ee28573080, length=14, elements={
0x000001ee285760c0, 0x000001ee285770c0, 0x000001ee2857a6b0, 0x000001ee2857b670,
0x000001ee2857e1c0, 0x000001ee2857f520, 0x000001ee2858c070, 0x000001ee2858df20,
0x000001ee28851840, 0x000001ee28852270, 0x000001ee288592c0, 0x000001ee28867e30,
0x000001ee6e04bd80, 0x000001ee0ac75860
}

Java Threads: ( => current thread )
  0x000001ee285760c0 JavaThread "Reference Handler"          daemon [_thread_blocked, id=25832, stack(0x0000007e46100000,0x0000007e46200000) (1024K)]
  0x000001ee285770c0 JavaThread "Finalizer"                  daemon [_thread_blocked, id=16148, stack(0x0000007e46200000,0x0000007e46300000) (1024K)]
  0x000001ee2857a6b0 JavaThread "Signal Dispatcher"          daemon [_thread_blocked, id=12900, stack(0x0000007e46300000,0x0000007e46400000) (1024K)]
  0x000001ee2857b670 JavaThread "Attach Listener"            daemon [_thread_blocked, id=18412, stack(0x0000007e46400000,0x0000007e46500000) (1024K)]
  0x000001ee2857e1c0 JavaThread "Service Thread"             daemon [_thread_blocked, id=5040, stack(0x0000007e46500000,0x0000007e46600000) (1024K)]
  0x000001ee2857f520 JavaThread "Monitor Deflation Thread"   daemon [_thread_blocked, id=26844, stack(0x0000007e46600000,0x0000007e46700000) (1024K)]
  0x000001ee2858c070 JavaThread "C2 CompilerThread0"         daemon [_thread_blocked, id=26092, stack(0x0000007e46700000,0x0000007e46800000) (1024K)]
  0x000001ee2858df20 JavaThread "C1 CompilerThread0"         daemon [_thread_blocked, id=21852, stack(0x0000007e46800000,0x0000007e46900000) (1024K)]
  0x000001ee28851840 JavaThread "Notification Thread"        daemon [_thread_blocked, id=13908, stack(0x0000007e46900000,0x0000007e46a00000) (1024K)]
  0x000001ee28852270 JavaThread "Common-Cleaner"             daemon [_thread_blocked, id=31432, stack(0x0000007e46a00000,0x0000007e46b00000) (1024K)]
  0x000001ee288592c0 JavaThread "C2 CompilerThread1"         daemon [_thread_blocked, id=29464, stack(0x0000007e46b00000,0x0000007e46c00000) (1024K)]
  0x000001ee28867e30 JavaThread "pool-1-thread-1"                   [_thread_blocked, id=31652, stack(0x0000007e46c00000,0x0000007e46d00000) (1024K)]
=>0x000001ee6e04bd80 JavaThread "Thread-0"                          [_thread_in_native, id=31596, stack(0x0000007e46d00000,0x0000007e46e00000) (1024K)]
  0x000001ee0ac75860 JavaThread "DestroyJavaVM"                     [_thread_blocked, id=21124, stack(0x0000007e45900000,0x0000007e45a00000) (1024K)]
Total: 14

Other Threads:
  0x000001ee28557030 VMThread "VM Thread"                           [id=27004, stack(0x0000007e46000000,0x0000007e46100000) (1024K)]
  0x000001ee285439c0 WatcherThread "VM Periodic Task Thread"        [id=9252, stack(0x0000007e45f00000,0x0000007e46000000) (1024K)]
  0x000001ee0d09c9c0 WorkerThread "GC Thread#0"                     [id=16880, stack(0x0000007e45a00000,0x0000007e45b00000) (1024K)]
  0x000001ee0d0adf70 ConcurrentGCThread "G1 Main Marker"            [id=26876, stack(0x0000007e45b00000,0x0000007e45c00000) (1024K)]
  0x000001ee0d0aec20 WorkerThread "G1 Conc#0"                       [id=10608, stack(0x0000007e45c00000,0x0000007e45d00000) (1024K)]
  0x000001ee0d0fe7a0 ConcurrentGCThread "G1 Refine#0"               [id=9604, stack(0x0000007e45d00000,0x0000007e45e00000) (1024K)]
  0x000001ee284154f0 ConcurrentGCThread "G1 Service"                [id=22276, stack(0x0000007e45e00000,0x0000007e45f00000) (1024K)]
Total: 7

Threads with active compile tasks:
Total: 0

VM state: not at safepoint (normal execution)

VM Mutex/Monitor currently owned by a thread: None

Heap address: 0x0000000702400000, size: 4060 MB, Compressed Oops mode: Zero based, Oop shift amount: 3

CDS archive(s) mapped at: [0x000001ee29000000-0x000001ee29d10000-0x000001ee29d10000), size 13697024, SharedBaseAddress: 0x000001ee29000000, ArchiveRelocationMode: 1.
Compressed class space mapped at: 0x000001ee2a000000-0x000001ee6a000000, reserved size: 1073741824
Narrow klass base: 0x000001ee29000000, Narrow klass shift: 0, Narrow klass range: 0x100000000

GC Precious Log:
 CardTable entry size: 512
 Card Set container configuration: InlinePtr #cards 4 size 8 Array Of Cards #cards 16 size 48 Howl #buckets 8 coarsen threshold 3686 Howl Bitmap #cards 512 size 80 coarsen threshold 460 Card regions per heap region 1 cards per card region 4096
 CPUs: 12 total, 12 available
 Memory: 16237M
 Large Page Support: Disabled
 NUMA Support: Disabled
 Compressed Oops: Enabled (Zero based)
 Heap Region Size: 2M
 Heap Min Capacity: 8M
 Heap Initial Capacity: 254M
 Heap Max Capacity: 4060M
 Pre-touch: Disabled
 Parallel Workers: 10
 Concurrent Workers: 3
 Concurrent Refinement Workers: 10
 Periodic GC: Disabled

Heap:
 garbage-first heap   total 260096K, used 8192K [0x0000000702400000, 0x0000000800000000)
  region size 2048K, 5 young (10240K), 0 survivors (0K)
 Metaspace       used 3527K, committed 3712K, reserved 1114112K
  class space    used 285K, committed 384K, reserved 1048576K

Heap Regions: E=young(eden), S=young(survivor), O=old, HS=humongous(starts), HC=humongous(continues), CS=collection set, F=free, TAMS=top-at-mark-start, PB=parsable bottom
|   0|0x0000000702400000, 0x0000000702400000, 0x0000000702600000|  0%| F|  |TAMS 0x0000000702400000| PB 0x0000000702400000| Untracked 
|   1|0x0000000702600000, 0x0000000702600000, 0x0000000702800000|  0%| F|  |TAMS 0x0000000702600000| PB 0x0000000702600000| Untracked 
|   2|0x0000000702800000, 0x0000000702800000, 0x0000000702a00000|  0%| F|  |TAMS 0x0000000702800000| PB 0x0000000702800000| Untracked 
|   3|0x0000000702a00000, 0x0000000702a00000, 0x0000000702c00000|  0%| F|  |TAMS 0x0000000702a00000| PB 0x0000000702a00000| Untracked 
|   4|0x0000000702c00000, 0x0000000702c00000, 0x0000000702e00000|  0%| F|  |TAMS 0x0000000702c00000| PB 0x0000000702c00000| Untracked 
|   5|0x0000000702e00000, 0x0000000702e00000, 0x0000000703000000|  0%| F|  |TAMS 0x0000000702e00000| PB 0x0000000702e00000| Untracked 
|   6|0x0000000703000000, 0x0000000703000000, 0x0000000703200000|  0%| F|  |TAMS 0x0000000703000000| PB 0x0000000703000000| Untracked 
|   7|0x0000000703200000, 0x0000000703200000, 0x0000000703400000|  0%| F|  |TAMS 0x0000000703200000| PB 0x0000000703200000| Untracked 
|   8|0x0000000703400000, 0x0000000703400000, 0x0000000703600000|  0%| F|  |TAMS 0x0000000703400000| PB 0x0000000703400000| Untracked 
|   9|0x0000000703600000, 0x0000000703600000, 0x0000000703800000|  0%| F|  |TAMS 0x0000000703600000| PB 0x0000000703600000| Untracked 
|  10|0x0000000703800000, 0x0000000703800000, 0x0000000703a00000|  0%| F|  |TAMS 0x0000000703800000| PB 0x0000000703800000| Untracked 
|  11|0x0000000703a00000, 0x0000000703a00000, 0x0000000703c00000|  0%| F|  |TAMS 0x0000000703a00000| PB 0x0000000703a00000| Untracked 
|  12|0x0000000703c00000, 0x0000000703c00000, 0x0000000703e00000|  0%| F|  |TAMS 0x0000000703c00000| PB 0x0000000703c00000| Untracked 
|  13|0x0000000703e00000, 0x0000000703e00000, 0x0000000704000000|  0%| F|  |TAMS 0x0000000703e00000| PB 0x0000000703e00000| Untracked 
|  14|0x0000000704000000, 0x0000000704000000, 0x0000000704200000|  0%| F|  |TAMS 0x0000000704000000| PB 0x0000000704000000| Untracked 
|  15|0x0000000704200000, 0x0000000704200000, 0x0000000704400000|  0%| F|  |TAMS 0x0000000704200000| PB 0x0000000704200000| Untracked 
|  16|0x0000000704400000, 0x0000000704400000, 0x0000000704600000|  0%| F|  |TAMS 0x0000000704400000| PB 0x0000000704400000| Untracked 
|  17|0x0000000704600000, 0x0000000704600000, 0x0000000704800000|  0%| F|  |TAMS 0x0000000704600000| PB 0x0000000704600000| Untracked 
|  18|0x0000000704800000, 0x0000000704800000, 0x0000000704a00000|  0%| F|  |TAMS 0x0000000704800000| PB 0x0000000704800000| Untracked 
|  19|0x0000000704a00000, 0x0000000704a00000, 0x0000000704c00000|  0%| F|  |TAMS 0x0000000704a00000| PB 0x0000000704a00000| Untracked 
|  20|0x0000000704c00000, 0x0000000704c00000, 0x0000000704e00000|  0%| F|  |TAMS 0x0000000704c00000| PB 0x0000000704c00000| Untracked 
|  21|0x0000000704e00000, 0x0000000704e00000, 0x0000000705000000|  0%| F|  |TAMS 0x0000000704e00000| PB 0x0000000704e00000| Untracked 
|  22|0x0000000705000000, 0x0000000705000000, 0x0000000705200000|  0%| F|  |TAMS 0x0000000705000000| PB 0x0000000705000000| Untracked 
|  23|0x0000000705200000, 0x0000000705200000, 0x0000000705400000|  0%| F|  |TAMS 0x0000000705200000| PB 0x0000000705200000| Untracked 
|  24|0x0000000705400000, 0x0000000705400000, 0x0000000705600000|  0%| F|  |TAMS 0x0000000705400000| PB 0x0000000705400000| Untracked 
|  25|0x0000000705600000, 0x0000000705600000, 0x0000000705800000|  0%| F|  |TAMS 0x0000000705600000| PB 0x0000000705600000| Untracked 
|  26|0x0000000705800000, 0x0000000705800000, 0x0000000705a00000|  0%| F|  |TAMS 0x0000000705800000| PB 0x0000000705800000| Untracked 
|  27|0x0000000705a00000, 0x0000000705a00000, 0x0000000705c00000|  0%| F|  |TAMS 0x0000000705a00000| PB 0x0000000705a00000| Untracked 
|  28|0x0000000705c00000, 0x0000000705c00000, 0x0000000705e00000|  0%| F|  |TAMS 0x0000000705c00000| PB 0x0000000705c00000| Untracked 
|  29|0x0000000705e00000, 0x0000000705e00000, 0x0000000706000000|  0%| F|  |TAMS 0x0000000705e00000| PB 0x0000000705e00000| Untracked 
|  30|0x0000000706000000, 0x0000000706000000, 0x0000000706200000|  0%| F|  |TAMS 0x0000000706000000| PB 0x0000000706000000| Untracked 
|  31|0x0000000706200000, 0x0000000706200000, 0x0000000706400000|  0%| F|  |TAMS 0x0000000706200000| PB 0x0000000706200000| Untracked 
|  32|0x0000000706400000, 0x0000000706400000, 0x0000000706600000|  0%| F|  |TAMS 0x0000000706400000| PB 0x0000000706400000| Untracked 
|  33|0x0000000706600000, 0x0000000706600000, 0x0000000706800000|  0%| F|  |TAMS 0x0000000706600000| PB 0x0000000706600000| Untracked 
|  34|0x0000000706800000, 0x0000000706800000, 0x0000000706a00000|  0%| F|  |TAMS 0x0000000706800000| PB 0x0000000706800000| Untracked 
|  35|0x0000000706a00000, 0x0000000706a00000, 0x0000000706c00000|  0%| F|  |TAMS 0x0000000706a00000| PB 0x0000000706a00000| Untracked 
|  36|0x0000000706c00000, 0x0000000706c00000, 0x0000000706e00000|  0%| F|  |TAMS 0x0000000706c00000| PB 0x0000000706c00000| Untracked 
|  37|0x0000000706e00000, 0x0000000706e00000, 0x0000000707000000|  0%| F|  |TAMS 0x0000000706e00000| PB 0x0000000706e00000| Untracked 
|  38|0x0000000707000000, 0x0000000707000000, 0x0000000707200000|  0%| F|  |TAMS 0x0000000707000000| PB 0x0000000707000000| Untracked 
|  39|0x0000000707200000, 0x0000000707200000, 0x0000000707400000|  0%| F|  |TAMS 0x0000000707200000| PB 0x0000000707200000| Untracked 
|  40|0x0000000707400000, 0x0000000707400000, 0x0000000707600000|  0%| F|  |TAMS 0x0000000707400000| PB 0x0000000707400000| Untracked 
|  41|0x0000000707600000, 0x0000000707600000, 0x0000000707800000|  0%| F|  |TAMS 0x0000000707600000| PB 0x0000000707600000| Untracked 
|  42|0x0000000707800000, 0x0000000707800000, 0x0000000707a00000|  0%| F|  |TAMS 0x0000000707800000| PB 0x0000000707800000| Untracked 
|  43|0x0000000707a00000, 0x0000000707a00000, 0x0000000707c00000|  0%| F|  |TAMS 0x0000000707a00000| PB 0x0000000707a00000| Untracked 
|  44|0x0000000707c00000, 0x0000000707c00000, 0x0000000707e00000|  0%| F|  |TAMS 0x0000000707c00000| PB 0x0000000707c00000| Untracked 
|  45|0x0000000707e00000, 0x0000000707e00000, 0x0000000708000000|  0%| F|  |TAMS 0x0000000707e00000| PB 0x0000000707e00000| Untracked 
|  46|0x0000000708000000, 0x0000000708000000, 0x0000000708200000|  0%| F|  |TAMS 0x0000000708000000| PB 0x0000000708000000| Untracked 
|  47|0x0000000708200000, 0x0000000708200000, 0x0000000708400000|  0%| F|  |TAMS 0x0000000708200000| PB 0x0000000708200000| Untracked 
|  48|0x0000000708400000, 0x0000000708400000, 0x0000000708600000|  0%| F|  |TAMS 0x0000000708400000| PB 0x0000000708400000| Untracked 
|  49|0x0000000708600000, 0x0000000708600000, 0x0000000708800000|  0%| F|  |TAMS 0x0000000708600000| PB 0x0000000708600000| Untracked 
|  50|0x0000000708800000, 0x0000000708800000, 0x0000000708a00000|  0%| F|  |TAMS 0x0000000708800000| PB 0x0000000708800000| Untracked 
|  51|0x0000000708a00000, 0x0000000708a00000, 0x0000000708c00000|  0%| F|  |TAMS 0x0000000708a00000| PB 0x0000000708a00000| Untracked 
|  52|0x0000000708c00000, 0x0000000708c00000, 0x0000000708e00000|  0%| F|  |TAMS 0x0000000708c00000| PB 0x0000000708c00000| Untracked 
|  53|0x0000000708e00000, 0x0000000708e00000, 0x0000000709000000|  0%| F|  |TAMS 0x0000000708e00000| PB 0x0000000708e00000| Untracked 
|  54|0x0000000709000000, 0x0000000709000000, 0x0000000709200000|  0%| F|  |TAMS 0x0000000709000000| PB 0x0000000709000000| Untracked 
|  55|0x0000000709200000, 0x0000000709200000, 0x0000000709400000|  0%| F|  |TAMS 0x0000000709200000| PB 0x0000000709200000| Untracked 
|  56|0x0000000709400000, 0x0000000709400000, 0x0000000709600000|  0%| F|  |TAMS 0x0000000709400000| PB 0x0000000709400000| Untracked 
|  57|0x0000000709600000, 0x0000000709600000, 0x0000000709800000|  0%| F|  |TAMS 0x0000000709600000| PB 0x0000000709600000| Untracked 
|  58|0x0000000709800000, 0x0000000709800000, 0x0000000709a00000|  0%| F|  |TAMS 0x0000000709800000| PB 0x0000000709800000| Untracked 
|  59|0x0000000709a00000, 0x0000000709a00000, 0x0000000709c00000|  0%| F|  |TAMS 0x0000000709a00000| PB 0x0000000709a00000| Untracked 
|  60|0x0000000709c00000, 0x0000000709c00000, 0x0000000709e00000|  0%| F|  |TAMS 0x0000000709c00000| PB 0x0000000709c00000| Untracked 
|  61|0x0000000709e00000, 0x0000000709e00000, 0x000000070a000000|  0%| F|  |TAMS 0x0000000709e00000| PB 0x0000000709e00000| Untracked 
|  62|0x000000070a000000, 0x000000070a000000, 0x000000070a200000|  0%| F|  |TAMS 0x000000070a000000| PB 0x000000070a000000| Untracked 
|  63|0x000000070a200000, 0x000000070a200000, 0x000000070a400000|  0%| F|  |TAMS 0x000000070a200000| PB 0x000000070a200000| Untracked 
|  64|0x000000070a400000, 0x000000070a400000, 0x000000070a600000|  0%| F|  |TAMS 0x000000070a400000| PB 0x000000070a400000| Untracked 
|  65|0x000000070a600000, 0x000000070a600000, 0x000000070a800000|  0%| F|  |TAMS 0x000000070a600000| PB 0x000000070a600000| Untracked 
|  66|0x000000070a800000, 0x000000070a800000, 0x000000070aa00000|  0%| F|  |TAMS 0x000000070a800000| PB 0x000000070a800000| Untracked 
|  67|0x000000070aa00000, 0x000000070aa00000, 0x000000070ac00000|  0%| F|  |TAMS 0x000000070aa00000| PB 0x000000070aa00000| Untracked 
|  68|0x000000070ac00000, 0x000000070ac00000, 0x000000070ae00000|  0%| F|  |TAMS 0x000000070ac00000| PB 0x000000070ac00000| Untracked 
|  69|0x000000070ae00000, 0x000000070ae00000, 0x000000070b000000|  0%| F|  |TAMS 0x000000070ae00000| PB 0x000000070ae00000| Untracked 
|  70|0x000000070b000000, 0x000000070b000000, 0x000000070b200000|  0%| F|  |TAMS 0x000000070b000000| PB 0x000000070b000000| Untracked 
|  71|0x000000070b200000, 0x000000070b200000, 0x000000070b400000|  0%| F|  |TAMS 0x000000070b200000| PB 0x000000070b200000| Untracked 
|  72|0x000000070b400000, 0x000000070b400000, 0x000000070b600000|  0%| F|  |TAMS 0x000000070b400000| PB 0x000000070b400000| Untracked 
|  73|0x000000070b600000, 0x000000070b600000, 0x000000070b800000|  0%| F|  |TAMS 0x000000070b600000| PB 0x000000070b600000| Untracked 
|  74|0x000000070b800000, 0x000000070b800000, 0x000000070ba00000|  0%| F|  |TAMS 0x000000070b800000| PB 0x000000070b800000| Untracked 
|  75|0x000000070ba00000, 0x000000070ba00000, 0x000000070bc00000|  0%| F|  |TAMS 0x000000070ba00000| PB 0x000000070ba00000| Untracked 
|  76|0x000000070bc00000, 0x000000070bc00000, 0x000000070be00000|  0%| F|  |TAMS 0x000000070bc00000| PB 0x000000070bc00000| Untracked 
|  77|0x000000070be00000, 0x000000070be00000, 0x000000070c000000|  0%| F|  |TAMS 0x000000070be00000| PB 0x000000070be00000| Untracked 
|  78|0x000000070c000000, 0x000000070c000000, 0x000000070c200000|  0%| F|  |TAMS 0x000000070c000000| PB 0x000000070c000000| Untracked 
|  79|0x000000070c200000, 0x000000070c200000, 0x000000070c400000|  0%| F|  |TAMS 0x000000070c200000| PB 0x000000070c200000| Untracked 
|  80|0x000000070c400000, 0x000000070c400000, 0x000000070c600000|  0%| F|  |TAMS 0x000000070c400000| PB 0x000000070c400000| Untracked 
|  81|0x000000070c600000, 0x000000070c600000, 0x000000070c800000|  0%| F|  |TAMS 0x000000070c600000| PB 0x000000070c600000| Untracked 
|  82|0x000000070c800000, 0x000000070c800000, 0x000000070ca00000|  0%| F|  |TAMS 0x000000070c800000| PB 0x000000070c800000| Untracked 
|  83|0x000000070ca00000, 0x000000070ca00000, 0x000000070cc00000|  0%| F|  |TAMS 0x000000070ca00000| PB 0x000000070ca00000| Untracked 
|  84|0x000000070cc00000, 0x000000070cc00000, 0x000000070ce00000|  0%| F|  |TAMS 0x000000070cc00000| PB 0x000000070cc00000| Untracked 
|  85|0x000000070ce00000, 0x000000070ce00000, 0x000000070d000000|  0%| F|  |TAMS 0x000000070ce00000| PB 0x000000070ce00000| Untracked 
|  86|0x000000070d000000, 0x000000070d000000, 0x000000070d200000|  0%| F|  |TAMS 0x000000070d000000| PB 0x000000070d000000| Untracked 
|  87|0x000000070d200000, 0x000000070d200000, 0x000000070d400000|  0%| F|  |TAMS 0x000000070d200000| PB 0x000000070d200000| Untracked 
|  88|0x000000070d400000, 0x000000070d400000, 0x000000070d600000|  0%| F|  |TAMS 0x000000070d400000| PB 0x000000070d400000| Untracked 
|  89|0x000000070d600000, 0x000000070d600000, 0x000000070d800000|  0%| F|  |TAMS 0x000000070d600000| PB 0x000000070d600000| Untracked 
|  90|0x000000070d800000, 0x000000070d800000, 0x000000070da00000|  0%| F|  |TAMS 0x000000070d800000| PB 0x000000070d800000| Untracked 
|  91|0x000000070da00000, 0x000000070da00000, 0x000000070dc00000|  0%| F|  |TAMS 0x000000070da00000| PB 0x000000070da00000| Untracked 
|  92|0x000000070dc00000, 0x000000070dc00000, 0x000000070de00000|  0%| F|  |TAMS 0x000000070dc00000| PB 0x000000070dc00000| Untracked 
|  93|0x000000070de00000, 0x000000070de00000, 0x000000070e000000|  0%| F|  |TAMS 0x000000070de00000| PB 0x000000070de00000| Untracked 
|  94|0x000000070e000000, 0x000000070e000000, 0x000000070e200000|  0%| F|  |TAMS 0x000000070e000000| PB 0x000000070e000000| Untracked 
|  95|0x000000070e200000, 0x000000070e200000, 0x000000070e400000|  0%| F|  |TAMS 0x000000070e200000| PB 0x000000070e200000| Untracked 
|  96|0x000000070e400000, 0x000000070e400000, 0x000000070e600000|  0%| F|  |TAMS 0x000000070e400000| PB 0x000000070e400000| Untracked 
|  97|0x000000070e600000, 0x000000070e600000, 0x000000070e800000|  0%| F|  |TAMS 0x000000070e600000| PB 0x000000070e600000| Untracked 
|  98|0x000000070e800000, 0x000000070e800000, 0x000000070ea00000|  0%| F|  |TAMS 0x000000070e800000| PB 0x000000070e800000| Untracked 
|  99|0x000000070ea00000, 0x000000070ea00000, 0x000000070ec00000|  0%| F|  |TAMS 0x000000070ea00000| PB 0x000000070ea00000| Untracked 
| 100|0x000000070ec00000, 0x000000070ec00000, 0x000000070ee00000|  0%| F|  |TAMS 0x000000070ec00000| PB 0x000000070ec00000| Untracked 
| 101|0x000000070ee00000, 0x000000070ee00000, 0x000000070f000000|  0%| F|  |TAMS 0x000000070ee00000| PB 0x000000070ee00000| Untracked 
| 102|0x000000070f000000, 0x000000070f000000, 0x000000070f200000|  0%| F|  |TAMS 0x000000070f000000| PB 0x000000070f000000| Untracked 
| 103|0x000000070f200000, 0x000000070f200000, 0x000000070f400000|  0%| F|  |TAMS 0x000000070f200000| PB 0x000000070f200000| Untracked 
| 104|0x000000070f400000, 0x000000070f400000, 0x000000070f600000|  0%| F|  |TAMS 0x000000070f400000| PB 0x000000070f400000| Untracked 
| 105|0x000000070f600000, 0x000000070f600000, 0x000000070f800000|  0%| F|  |TAMS 0x000000070f600000| PB 0x000000070f600000| Untracked 
| 106|0x000000070f800000, 0x000000070f800000, 0x000000070fa00000|  0%| F|  |TAMS 0x000000070f800000| PB 0x000000070f800000| Untracked 
| 107|0x000000070fa00000, 0x000000070fa00000, 0x000000070fc00000|  0%| F|  |TAMS 0x000000070fa00000| PB 0x000000070fa00000| Untracked 
| 108|0x000000070fc00000, 0x000000070fc00000, 0x000000070fe00000|  0%| F|  |TAMS 0x000000070fc00000| PB 0x000000070fc00000| Untracked 
| 109|0x000000070fe00000, 0x000000070fe00000, 0x0000000710000000|  0%| F|  |TAMS 0x000000070fe00000| PB 0x000000070fe00000| Untracked 
| 110|0x0000000710000000, 0x0000000710000000, 0x0000000710200000|  0%| F|  |TAMS 0x0000000710000000| PB 0x0000000710000000| Untracked 
| 111|0x0000000710200000, 0x0000000710200000, 0x0000000710400000|  0%| F|  |TAMS 0x0000000710200000| PB 0x0000000710200000| Untracked 
| 112|0x0000000710400000, 0x0000000710400000, 0x0000000710600000|  0%| F|  |TAMS 0x0000000710400000| PB 0x0000000710400000| Untracked 
| 113|0x0000000710600000, 0x0000000710600000, 0x0000000710800000|  0%| F|  |TAMS 0x0000000710600000| PB 0x0000000710600000| Untracked 
| 114|0x0000000710800000, 0x0000000710800000, 0x0000000710a00000|  0%| F|  |TAMS 0x0000000710800000| PB 0x0000000710800000| Untracked 
| 115|0x0000000710a00000, 0x0000000710a00000, 0x0000000710c00000|  0%| F|  |TAMS 0x0000000710a00000| PB 0x0000000710a00000| Untracked 
| 116|0x0000000710c00000, 0x0000000710c00000, 0x0000000710e00000|  0%| F|  |TAMS 0x0000000710c00000| PB 0x0000000710c00000| Untracked 
| 117|0x0000000710e00000, 0x0000000710e00000, 0x0000000711000000|  0%| F|  |TAMS 0x0000000710e00000| PB 0x0000000710e00000| Untracked 
| 118|0x0000000711000000, 0x0000000711000000, 0x0000000711200000|  0%| F|  |TAMS 0x0000000711000000| PB 0x0000000711000000| Untracked 
| 119|0x0000000711200000, 0x0000000711200000, 0x0000000711400000|  0%| F|  |TAMS 0x0000000711200000| PB 0x0000000711200000| Untracked 
| 120|0x0000000711400000, 0x0000000711400000, 0x0000000711600000|  0%| F|  |TAMS 0x0000000711400000| PB 0x0000000711400000| Untracked 
| 121|0x0000000711600000, 0x0000000711600000, 0x0000000711800000|  0%| F|  |TAMS 0x0000000711600000| PB 0x0000000711600000| Untracked 
| 122|0x0000000711800000, 0x0000000711952058, 0x0000000711a00000| 66%| E|  |TAMS 0x0000000711800000| PB 0x0000000711800000| Complete 
| 123|0x0000000711a00000, 0x0000000711c00000, 0x0000000711c00000|100%| E|CS|TAMS 0x0000000711a00000| PB 0x0000000711a00000| Complete 
| 124|0x0000000711c00000, 0x0000000711e00000, 0x0000000711e00000|100%| E|CS|TAMS 0x0000000711c00000| PB 0x0000000711c00000| Complete 
| 125|0x0000000711e00000, 0x0000000712000000, 0x0000000712000000|100%| E|CS|TAMS 0x0000000711e00000| PB 0x0000000711e00000| Complete 
| 126|0x0000000712000000, 0x0000000712200000, 0x0000000712200000|100%| E|CS|TAMS 0x0000000712000000| PB 0x0000000712000000| Complete 

Card table byte_map: [0x000001ee211c0000,0x000001ee219b0000] _byte_map_base: 0x000001ee1d9ae000

Marking Bits: (CMBitMap*) 0x000001ee0d09d8d0
 Bits: [0x000001ee219b0000, 0x000001ee25920000)

Polling page: 0x000001ee0b030000

Metaspace:

Usage:
  Non-class:      3.17 MB used.
      Class:    285.43 KB used.
       Both:      3.44 MB used.

Virtual space:
  Non-class space:       64.00 MB reserved,       3.25 MB (  5%) committed,  1 nodes.
      Class space:        1.00 GB reserved,     384.00 KB ( <1%) committed,  1 nodes.
             Both:        1.06 GB reserved,       3.62 MB ( <1%) committed. 

Chunk freelists:
   Non-Class:  10.64 MB
       Class:  15.61 MB
        Both:  26.25 MB

MaxMetaspaceSize: unlimited
CompressedClassSpaceSize: 1.00 GB
Initial GC threshold: 21.00 MB
Current GC threshold: 21.00 MB
CDS: on
 - commit_granule_bytes: 65536.
 - commit_granule_words: 8192.
 - virtual_space_node_default_size: 8388608.
 - enlarge_chunks_in_place: 1.
 - use_allocation_guard: 0.


Internal statistics:

num_allocs_failed_limit: 0.
num_arena_births: 66.
num_arena_deaths: 0.
num_vsnodes_births: 2.
num_vsnodes_deaths: 0.
num_space_committed: 58.
num_space_uncommitted: 0.
num_chunks_returned_to_freelist: 0.
num_chunks_taken_from_freelist: 150.
num_chunk_merges: 0.
num_chunk_splits: 94.
num_chunks_enlarged: 62.
num_inconsistent_stats: 0.

CodeHeap 'non-profiled nmethods': size=120000Kb used=250Kb max_used=250Kb free=119749Kb
 bounds [0x000001ee18f50000, 0x000001ee191c0000, 0x000001ee20480000]
CodeHeap 'profiled nmethods': size=120000Kb used=1143Kb max_used=1143Kb free=118856Kb
 bounds [0x000001ee11480000, 0x000001ee116f0000, 0x000001ee189b0000]
CodeHeap 'non-nmethods': size=5760Kb used=2369Kb max_used=2381Kb free=3390Kb
 bounds [0x000001ee189b0000, 0x000001ee18c20000, 0x000001ee18f50000]
 total_blobs=1790 nmethods=752 adapters=943
 compilation: enabled
              stopped_count=0, restarted_count=0
 full_count=0

Compilation events (20 events):
Event: 0.230 Thread 0x000001ee2858df20  744       3       java.util.Arrays::rangeCheck (74 bytes)
Event: 0.230 Thread 0x000001ee2858df20 nmethod 744 0x000001ee1159b190 code [0x000001ee1159b440, 0x000001ee1159bd68]
Event: 0.230 Thread 0x000001ee2858df20  746       3       java.util.zip.ZipUtils::CENLEN (9 bytes)
Event: 0.230 Thread 0x000001ee2858df20 nmethod 746 0x000001ee1159c190 code [0x000001ee1159c340, 0x000001ee1159c618]
Event: 0.230 Thread 0x000001ee2858df20  745       3       java.util.LinkedHashMap::get (29 bytes)
Event: 0.230 Thread 0x000001ee2858df20 nmethod 745 0x000001ee1159c790 code [0x000001ee1159c960, 0x000001ee1159cbb0]
Event: 0.230 Thread 0x000001ee2858df20  742       1       org.lwjgl.system.Pointer$Default::address (5 bytes)
Event: 0.230 Thread 0x000001ee2858df20 nmethod 742 0x000001ee18f8dc10 code [0x000001ee18f8dda0, 0x000001ee18f8de68]
Event: 0.242 Thread 0x000001ee288592c0  747       4       java.util.zip.ZipFile::ensureOpen (40 bytes)
Event: 0.242 Thread 0x000001ee288592c0 nmethod 747 0x000001ee18f8df10 code [0x000001ee18f8e0a0, 0x000001ee18f8e180]
Event: 0.242 Thread 0x000001ee2858df20  748       3       java.util.ArrayDeque::pollFirst (36 bytes)
Event: 0.242 Thread 0x000001ee2858df20 nmethod 748 0x000001ee1159cc90 code [0x000001ee1159ce60, 0x000001ee1159d260]
Event: 0.243 Thread 0x000001ee2858df20  749       3       java.util.HashMap$HashIterator::nextNode (100 bytes)
Event: 0.243 Thread 0x000001ee2858df20 nmethod 749 0x000001ee1159d410 code [0x000001ee1159d600, 0x000001ee1159db28]
Event: 0.244 Thread 0x000001ee2858df20  750       1       java.util.concurrent.locks.AbstractOwnableSynchronizer::getExclusiveOwnerThread (5 bytes)
Event: 0.244 Thread 0x000001ee2858df20 nmethod 750 0x000001ee18f8e290 code [0x000001ee18f8e420, 0x000001ee18f8e4f0]
Event: 0.244 Thread 0x000001ee2858df20  751       1       java.util.concurrent.locks.AbstractQueuedSynchronizer::getState (5 bytes)
Event: 0.244 Thread 0x000001ee2858df20 nmethod 751 0x000001ee18f8e590 code [0x000001ee18f8e720, 0x000001ee18f8e7e8]
Event: 0.244 Thread 0x000001ee2858df20  752       1       java.util.concurrent.locks.AbstractQueuedSynchronizer::setState (6 bytes)
Event: 0.244 Thread 0x000001ee2858df20 nmethod 752 0x000001ee18f8e890 code [0x000001ee18f8ea20, 0x000001ee18f8eaf0]

GC Heap History (0 events):
No events

Dll operation events (4 events):
Event: 0.005 Loaded shared library C:\Users\siegf\.gradle\jdks\jetbrains_s_r_o_-21-amd64-windows.2\bin\java.dll
Event: 0.028 Loaded shared library C:\Users\siegf\.gradle\jdks\jetbrains_s_r_o_-21-amd64-windows.2\bin\jsvml.dll
Event: 0.052 Loaded shared library C:\Users\siegf\.gradle\jdks\jetbrains_s_r_o_-21-amd64-windows.2\bin\zip.dll
Event: 0.088 Loaded shared library C:\Users\siegf\.gradle\jdks\jetbrains_s_r_o_-21-amd64-windows.2\bin\verify.dll

Deoptimization events (20 events):
Event: 0.173 Thread 0x000001ee28867e30 DEOPT PACKING pc=0x000001ee18f6d3d8 sp=0x0000007e46cfece0
Event: 0.173 Thread 0x000001ee28867e30 DEOPT UNPACKING pc=0x000001ee18a07da2 sp=0x0000007e46cfec98 mode 2
Event: 0.173 Thread 0x000001ee28867e30 Uncommon trap: trap_request=0xffffffde fr.pc=0x000001ee18f6d3d8 relative=0x00000000000002f8
Event: 0.173 Thread 0x000001ee28867e30 Uncommon trap: reason=class_check action=maybe_recompile pc=0x000001ee18f6d3d8 method=java.util.regex.Pattern$BmpCharPropertyGreedy.match(Ljava/util/regex/Matcher;ILjava/lang/CharSequence;)Z @ 26 c2
Event: 0.173 Thread 0x000001ee28867e30 DEOPT PACKING pc=0x000001ee18f6d3d8 sp=0x0000007e46cfec60
Event: 0.173 Thread 0x000001ee28867e30 DEOPT UNPACKING pc=0x000001ee18a07da2 sp=0x0000007e46cfec18 mode 2
Event: 0.173 Thread 0x000001ee28867e30 Uncommon trap: trap_request=0xffffffde fr.pc=0x000001ee18f6d3d8 relative=0x00000000000002f8
Event: 0.173 Thread 0x000001ee28867e30 Uncommon trap: reason=class_check action=maybe_recompile pc=0x000001ee18f6d3d8 method=java.util.regex.Pattern$BmpCharPropertyGreedy.match(Ljava/util/regex/Matcher;ILjava/lang/CharSequence;)Z @ 26 c2
Event: 0.173 Thread 0x000001ee28867e30 DEOPT PACKING pc=0x000001ee18f6d3d8 sp=0x0000007e46cfe9c0
Event: 0.173 Thread 0x000001ee28867e30 DEOPT UNPACKING pc=0x000001ee18a07da2 sp=0x0000007e46cfe978 mode 2
Event: 0.173 Thread 0x000001ee28867e30 Uncommon trap: trap_request=0xffffffde fr.pc=0x000001ee18f6d3d8 relative=0x00000000000002f8
Event: 0.173 Thread 0x000001ee28867e30 Uncommon trap: reason=class_check action=maybe_recompile pc=0x000001ee18f6d3d8 method=java.util.regex.Pattern$BmpCharPropertyGreedy.match(Ljava/util/regex/Matcher;ILjava/lang/CharSequence;)Z @ 26 c2
Event: 0.173 Thread 0x000001ee28867e30 DEOPT PACKING pc=0x000001ee18f6d3d8 sp=0x0000007e46cfe8d0
Event: 0.173 Thread 0x000001ee28867e30 DEOPT UNPACKING pc=0x000001ee18a07da2 sp=0x0000007e46cfe868 mode 2
Event: 0.208 Thread 0x000001ee6e04bd80 DEOPT PACKING pc=0x000001ee114c89c5 sp=0x0000007e46df96b0
Event: 0.208 Thread 0x000001ee6e04bd80 DEOPT UNPACKING pc=0x000001ee18a088e2 sp=0x0000007e46df8b28 mode 0
Event: 0.215 Thread 0x000001ee0ac75860 Uncommon trap: trap_request=0xffffff6e fr.pc=0x000001ee18f87374 relative=0x0000000000000434
Event: 0.215 Thread 0x000001ee0ac75860 Uncommon trap: reason=loop_limit_check action=maybe_recompile pc=0x000001ee18f87374 method=java.lang.StringLatin1.indexOf([BI[BII)I @ 37 c2
Event: 0.215 Thread 0x000001ee0ac75860 DEOPT PACKING pc=0x000001ee18f87374 sp=0x0000007e459fdec0
Event: 0.215 Thread 0x000001ee0ac75860 DEOPT UNPACKING pc=0x000001ee18a07da2 sp=0x0000007e459fde20 mode 2

Classes loaded (20 events):
Event: 0.197 Loading class java/nio/DirectDoubleBufferU
Event: 0.197 Loading class java/nio/DirectDoubleBufferU done
Event: 0.197 Loading class sun/misc/Unsafe
Event: 0.197 Loading class sun/misc/Unsafe done
Event: 0.200 Loading class java/util/function/LongPredicate
Event: 0.200 Loading class java/util/function/LongPredicate done
Event: 0.201 Loading class java/lang/foreign/MemorySegment
Event: 0.201 Loading class java/lang/foreign/MemorySegment done
Event: 0.204 Loading class java/nio/InvalidMarkException
Event: 0.204 Loading class java/nio/InvalidMarkException done
Event: 0.204 Loading class java/nio/BufferUnderflowException
Event: 0.204 Loading class java/nio/BufferUnderflowException done
Event: 0.223 Loading class jdk/internal/reflect/MethodHandleIntegerFieldAccessorImpl
Event: 0.223 Loading class jdk/internal/reflect/MethodHandleIntegerFieldAccessorImpl done
Event: 0.243 Loading class java/lang/StackTraceElement$HashedModules
Event: 0.243 Loading class java/lang/StackTraceElement$HashedModules done
Event: 0.243 Loading class java/lang/Throwable$WrappedPrintStream
Event: 0.244 Loading class java/lang/Throwable$PrintStreamOrWriter
Event: 0.244 Loading class java/lang/Throwable$PrintStreamOrWriter done
Event: 0.244 Loading class java/lang/Throwable$WrappedPrintStream done

Classes unloaded (0 events):
No events

Classes redefined (0 events):
No events

Internal exceptions (19 events):
Event: 0.133 Thread 0x000001ee6e04bd80 Exception <a 'java/lang/NoSuchMethodError'{0x0000000711a300a0}: 'void java.lang.invoke.DirectMethodHandle$Holder.invokeStatic(java.lang.Object, java.lang.Object)'> (0x0000000711a300a0) 
thrown [s\src\hotspot\share\interpreter\linkResolver.cpp, line 784]
Event: 0.133 Thread 0x000001ee6e04bd80 Exception <a 'java/lang/NoSuchMethodError'{0x0000000711a35670}: 'void java.lang.System.load(java.lang.String, java.lang.Class)'> (0x0000000711a35670) 
thrown [s\src\hotspot\share\interpreter\linkResolver.cpp, line 784]
Event: 0.133 Thread 0x000001ee6e04bd80 Exception <a 'java/lang/NoSuchMethodError'{0x0000000711a36158}: 'void java.lang.invoke.DirectMethodHandle$Holder.invokeSpecial(java.lang.Object, java.lang.Object, java.lang.Object)'> (0x0000000711a36158) 
thrown [s\src\hotspot\share\interpreter\linkResolver.cpp, line 784]
Event: 0.135 Thread 0x000001ee6e04bd80 Exception <a 'java/lang/NoSuchMethodError'{0x0000000711a481e0}: 'java.lang.Object java.lang.invoke.DirectMethodHandle$Holder.invokeStatic(java.lang.Object, java.lang.Object, int)'> (0x0000000711a481e0) 
thrown [s\src\hotspot\share\interpreter\linkResolver.cpp, line 784]
Event: 0.136 Thread 0x000001ee6e04bd80 Exception <a 'java/lang/NoSuchMethodError'{0x0000000711a53a70}: 'void java.lang.invoke.DelegatingMethodHandle$Holder.delegate(java.lang.Object, java.lang.Object, int, java.lang.Object)'> (0x0000000711a53a70) 
thrown [s\src\hotspot\share\interpreter\linkResolver.cpp, line 784]
Event: 0.136 Thread 0x000001ee6e04bd80 Exception <a 'java/lang/NoSuchMethodError'{0x0000000711a57980}: 'int java.lang.invoke.DirectMethodHandle$Holder.invokeSpecial(java.lang.Object, java.lang.Object, java.lang.Object)'> (0x0000000711a57980) 
thrown [s\src\hotspot\share\interpreter\linkResolver.cpp, line 784]
Event: 0.139 Thread 0x000001ee6e04bd80 Exception <a 'java/lang/NoSuchMethodError'{0x0000000711a72408}: 'void java.lang.System.loadLibrary(java.lang.String, java.lang.Class)'> (0x0000000711a72408) 
thrown [s\src\hotspot\share\interpreter\linkResolver.cpp, line 784]
Event: 0.160 Thread 0x000001ee6e04bd80 Exception <a 'sun/nio/fs/WindowsException'{0x0000000711a9f640}> (0x0000000711a9f640) 
thrown [s\src\hotspot\share\prims\jni.cpp, line 535]
Event: 0.161 Thread 0x000001ee6e04bd80 Exception <a 'sun/nio/fs/WindowsException'{0x0000000711a9fb90}> (0x0000000711a9fb90) 
thrown [s\src\hotspot\share\prims\jni.cpp, line 535]
Event: 0.200 Thread 0x000001ee6e04bd80 Exception <a 'java/lang/NoSuchMethodError'{0x0000000711b28fb0}: 'int java.lang.invoke.DirectMethodHandle$Holder.invokeStaticInit(java.lang.Object, java.lang.Object, int, long)'> (0x0000000711b28fb0) 
thrown [s\src\hotspot\share\interpreter\linkResolver.cpp, line 784]
Event: 0.200 Thread 0x000001ee6e04bd80 Exception <a 'java/lang/NoSuchMethodError'{0x0000000711b2e0d8}: 'java.lang.Object java.lang.invoke.DirectMethodHandle$Holder.newInvokeSpecial(java.lang.Object, java.lang.Object, int)'> (0x0000000711b2e0d8) 
thrown [s\src\hotspot\share\interpreter\linkResolver.cpp, line 784]
Event: 0.202 Thread 0x000001ee6e04bd80 Exception <a 'java/lang/NoSuchMethodError'{0x0000000711b3e2d0}: 'int java.lang.invoke.DirectMethodHandle$Holder.invokeStaticInit(java.lang.Object, java.lang.Object, long, long)'> (0x0000000711b3e2d0) 
thrown [s\src\hotspot\share\interpreter\linkResolver.cpp, line 784]
Event: 0.202 Thread 0x000001ee6e04bd80 Exception <a 'java/lang/NoSuchMethodError'{0x0000000711b43d78}: 'java.lang.Object java.lang.invoke.DirectMethodHandle$Holder.newInvokeSpecial(java.lang.Object, java.lang.Object, long)'> (0x0000000711b43d78) 
thrown [s\src\hotspot\share\interpreter\linkResolver.cpp, line 784]
Event: 0.203 Thread 0x000001ee6e04bd80 Exception <a 'java/lang/NoSuchMethodError'{0x0000000711b47f18}: 'java.lang.Object java.lang.invoke.Invokers$Holder.linkToTargetMethod(java.lang.Object, long, java.lang.Object)'> (0x0000000711b47f18) 
thrown [s\src\hotspot\share\interpreter\linkResolver.cpp, line 784]
Event: 0.203 Thread 0x000001ee6e04bd80 Exception <a 'java/lang/NoSuchMethodError'{0x0000000711b4f160}: 'int java.lang.invoke.DirectMethodHandle$Holder.invokeStaticInit(java.lang.Object, java.lang.Object, java.lang.Object, long)'> (0x0000000711b4f160) 
thrown [s\src\hotspot\share\interpreter\linkResolver.cpp, line 784]
Event: 0.218 Thread 0x000001ee0ac75860 Exception <a 'sun/nio/fs/WindowsException'{0x0000000711da3ba0}> (0x0000000711da3ba0) 
thrown [s\src\hotspot\share\prims\jni.cpp, line 535]
Event: 0.218 Thread 0x000001ee0ac75860 Exception <a 'sun/nio/fs/WindowsException'{0x0000000711da3f00}> (0x0000000711da3f00) 
thrown [s\src\hotspot\share\prims\jni.cpp, line 535]
Event: 0.223 Thread 0x000001ee6e04bd80 Exception <a 'java/lang/NoSuchMethodError'{0x0000000711bfef10}: 'int java.lang.invoke.Invokers$Holder.invokeExact_MT(java.lang.Object, java.lang.Object)'> (0x0000000711bfef10) 
thrown [s\src\hotspot\share\interpreter\linkResolver.cpp, line 784]
Event: 0.223 Thread 0x000001ee0ac75860 Exception <a 'java/lang/NoSuchMethodError'{0x0000000711dbc848}: 'int java.lang.invoke.Invokers$Holder.invokeExact_MT(java.lang.Object, java.lang.Object)'> (0x0000000711dbc848) 
thrown [s\src\hotspot\share\interpreter\linkResolver.cpp, line 784]

ZGC Phase Switch (0 events):
No events

VM Operations (4 events):
Event: 0.071 Executing VM operation: HandshakeAllThreads (Deoptimize)
Event: 0.071 Executing VM operation: HandshakeAllThreads (Deoptimize) done
Event: 0.151 Executing VM operation: HandshakeAllThreads (Deoptimize)
Event: 0.151 Executing VM operation: HandshakeAllThreads (Deoptimize) done

Memory protections (0 events):
No events

Nmethod flushes (0 events):
No events

Events (20 events):
Event: 0.016 Thread 0x000001ee0ac75860 Thread added: 0x000001ee0ac75860
Event: 0.026 Thread 0x000001ee0ac75860 Thread added: 0x000001ee285760c0
Event: 0.026 Thread 0x000001ee0ac75860 Thread added: 0x000001ee285770c0
Event: 0.027 Thread 0x000001ee0ac75860 Thread added: 0x000001ee2857a6b0
Event: 0.027 Thread 0x000001ee0ac75860 Thread added: 0x000001ee2857b670
Event: 0.027 Thread 0x000001ee0ac75860 Thread added: 0x000001ee2857e1c0
Event: 0.027 Thread 0x000001ee0ac75860 Thread added: 0x000001ee2857f520
Event: 0.027 Thread 0x000001ee0ac75860 Thread added: 0x000001ee2858c070
Event: 0.027 Thread 0x000001ee0ac75860 Thread added: 0x000001ee2858df20
Event: 0.051 Thread 0x000001ee0ac75860 Thread added: 0x000001ee28851840
Event: 0.063 Thread 0x000001ee0ac75860 Thread added: 0x000001ee28852270
Event: 0.067 Loaded shared library C:\Users\siegf\.gradle\jdks\jetbrains_s_r_o_-21-amd64-windows.2\bin\net.dll
Event: 0.068 Loaded shared library C:\Users\siegf\.gradle\jdks\jetbrains_s_r_o_-21-amd64-windows.2\bin\nio.dll
Event: 0.070 Loaded shared library C:\Users\siegf\.gradle\jdks\jetbrains_s_r_o_-21-amd64-windows.2\bin\zip.dll
Event: 0.087 Thread 0x000001ee2858df20 Thread added: 0x000001ee288592c0
Event: 0.093 Loaded shared library C:\Users\siegf\.gradle\jdks\jetbrains_s_r_o_-21-amd64-windows.2\bin\jimage.dll
Event: 0.110 Thread 0x000001ee0ac75860 Thread added: 0x000001ee28867e30
Event: 0.111 Thread 0x000001ee0ac75860 Thread added: 0x000001ee6e04bd80
Event: 0.157 Loaded shared library C:\Users\siegf\AppData\Local\Temp\lwjgl_siegf\3.3.6+1\x64\lwjgl.dll
Event: 0.244 Thread 0x000001ee0ac75860 Thread exited: 0x000001ee0ac75860


Dynamic libraries:
0x00007ff7d3510000 - 0x00007ff7d351a000 	C:\Users\siegf\.gradle\jdks\jetbrains_s_r_o_-21-amd64-windows.2\bin\java.exe
0x00007ffae2cd0000 - 0x00007ffae2ec8000 	C:\Windows\SYSTEM32\ntdll.dll
0x00007ffae2a90000 - 0x00007ffae2b52000 	C:\Windows\System32\KERNEL32.DLL
0x00007ffae0390000 - 0x00007ffae0686000 	C:\Windows\System32\KERNELBASE.dll
0x00007ffae0870000 - 0x00007ffae0970000 	C:\Windows\System32\ucrtbase.dll
0x00007ffad7140000 - 0x00007ffad7158000 	C:\Users\siegf\.gradle\jdks\jetbrains_s_r_o_-21-amd64-windows.2\bin\jli.dll
0x00007ffad6770000 - 0x00007ffad678b000 	C:\Users\siegf\.gradle\jdks\jetbrains_s_r_o_-21-amd64-windows.2\bin\VCRUNTIME140.dll
0x00007ffae2150000 - 0x00007ffae22ed000 	C:\Windows\System32\USER32.dll
0x00007ffae0a40000 - 0x00007ffae0a62000 	C:\Windows\System32\win32u.dll
0x00007ffac18e0000 - 0x00007ffac1b7a000 	C:\Windows\WinSxS\amd64_microsoft.windows.common-controls_6595b64144ccf1df_6.0.19041.5915_none_60b4b9d171f9c7c7\COMCTL32.dll
0x00007ffae2a60000 - 0x00007ffae2a8b000 	C:\Windows\System32\GDI32.dll
0x00007ffae0d80000 - 0x00007ffae0e1e000 	C:\Windows\System32\msvcrt.dll
0x00007ffae0bd0000 - 0x00007ffae0ce9000 	C:\Windows\System32\gdi32full.dll
0x00007ffae0690000 - 0x00007ffae072d000 	C:\Windows\System32\msvcp_win.dll
0x00007ffae1ca0000 - 0x00007ffae1ccf000 	C:\Windows\System32\IMM32.DLL
0x00007ffad8040000 - 0x00007ffad804c000 	C:\Users\siegf\.gradle\jdks\jetbrains_s_r_o_-21-amd64-windows.2\bin\vcruntime140_1.dll
0x00007ffad66e0000 - 0x00007ffad676d000 	C:\Users\siegf\.gradle\jdks\jetbrains_s_r_o_-21-amd64-windows.2\bin\msvcp140.dll
0x00007ffa82230000 - 0x00007ffa82ff1000 	C:\Users\siegf\.gradle\jdks\jetbrains_s_r_o_-21-amd64-windows.2\bin\server\jvm.dll
0x00007ffae2660000 - 0x00007ffae2711000 	C:\Windows\System32\ADVAPI32.dll
0x00007ffae22f0000 - 0x00007ffae238f000 	C:\Windows\System32\sechost.dll
0x00007ffae23a0000 - 0x00007ffae24c3000 	C:\Windows\System32\RPCRT4.dll
0x00007ffae0360000 - 0x00007ffae0387000 	C:\Windows\System32\bcrypt.dll
0x00007ffae2580000 - 0x00007ffae25eb000 	C:\Windows\System32\WS2_32.dll
0x00007ffadf8c0000 - 0x00007ffadf90b000 	C:\Windows\SYSTEM32\POWRPROF.dll
0x00007ffada560000 - 0x00007ffada56a000 	C:\Windows\SYSTEM32\VERSION.dll
0x00007ffad3540000 - 0x00007ffad3567000 	C:\Windows\SYSTEM32\WINMM.dll
0x00007ffadf720000 - 0x00007ffadf732000 	C:\Windows\SYSTEM32\UMPDC.dll
0x00007ffade1a0000 - 0x00007ffade1b2000 	C:\Windows\SYSTEM32\kernel.appcore.dll
0x00007ffad66d0000 - 0x00007ffad66da000 	C:\Users\siegf\.gradle\jdks\jetbrains_s_r_o_-21-amd64-windows.2\bin\jimage.dll
0x00007ffad9b70000 - 0x00007ffad9d71000 	C:\Windows\SYSTEM32\DBGHELP.DLL
0x00007ffad9ab0000 - 0x00007ffad9ae4000 	C:\Windows\SYSTEM32\dbgcore.DLL
0x00007ffae07e0000 - 0x00007ffae0862000 	C:\Windows\System32\bcryptPrimitives.dll
0x00007ffad3870000 - 0x00007ffad3890000 	C:\Users\siegf\.gradle\jdks\jetbrains_s_r_o_-21-amd64-windows.2\bin\java.dll
0x00007ffae0e20000 - 0x00007ffae158e000 	C:\Windows\System32\SHELL32.dll
0x00007ffade3a0000 - 0x00007ffadeb44000 	C:\Windows\SYSTEM32\windows.storage.dll
0x00007ffae1590000 - 0x00007ffae18e3000 	C:\Windows\System32\combase.dll
0x00007ffadfd90000 - 0x00007ffadfdbb000 	C:\Windows\SYSTEM32\Wldp.dll
0x00007ffae2bc0000 - 0x00007ffae2c8d000 	C:\Windows\System32\OLEAUT32.dll
0x00007ffae24d0000 - 0x00007ffae257d000 	C:\Windows\System32\SHCORE.dll
0x00007ffae25f0000 - 0x00007ffae264b000 	C:\Windows\System32\shlwapi.dll
0x00007ffae0290000 - 0x00007ffae02b4000 	C:\Windows\SYSTEM32\profapi.dll
0x00007ffad3790000 - 0x00007ffad3867000 	C:\Users\siegf\.gradle\jdks\jetbrains_s_r_o_-21-amd64-windows.2\bin\jsvml.dll
0x00007ffabe430000 - 0x00007ffabe448000 	C:\Users\siegf\.gradle\jdks\jetbrains_s_r_o_-21-amd64-windows.2\bin\zip.dll
0x00007ffad3780000 - 0x00007ffad3790000 	C:\Users\siegf\.gradle\jdks\jetbrains_s_r_o_-21-amd64-windows.2\bin\net.dll
0x00007ffada580000 - 0x00007ffada68a000 	C:\Windows\SYSTEM32\WINHTTP.dll
0x00007ffadfaa0000 - 0x00007ffadfb0a000 	C:\Windows\system32\mswsock.dll
0x00007ffabe410000 - 0x00007ffabe426000 	C:\Users\siegf\.gradle\jdks\jetbrains_s_r_o_-21-amd64-windows.2\bin\nio.dll
0x00007ffabe400000 - 0x00007ffabe410000 	C:\Users\siegf\.gradle\jdks\jetbrains_s_r_o_-21-amd64-windows.2\bin\verify.dll
0x00007ffabdf30000 - 0x00007ffabdfae000 	C:\Users\siegf\AppData\Local\Temp\lwjgl_siegf\3.3.6+1\x64\lwjgl.dll
0x00007ffab0df0000 - 0x00007ffab0e79000 	C:\Users\siegf\AppData\Local\Temp\lwjgl_siegf\3.3.6+1\x64\glfw.dll
0x00007ffab9680000 - 0x00007ffab96c5000 	C:\Windows\SYSTEM32\dinput8.dll
0x00007ffabe3e0000 - 0x00007ffabe3f1000 	C:\Windows\SYSTEM32\xinput1_4.dll
0x00007ffae09f0000 - 0x00007ffae0a3e000 	C:\Windows\System32\cfgmgr32.dll
0x00007ffae00f0000 - 0x00007ffae0123000 	C:\Windows\SYSTEM32\DEVOBJ.dll
0x00007ffade090000 - 0x00007ffade0bf000 	C:\Windows\SYSTEM32\dwmapi.dll
0x00007fface4a0000 - 0x00007fface5f2000 	C:\Windows\SYSTEM32\inputhost.dll
0x00007ffadc480000 - 0x00007ffadc572000 	C:\Windows\SYSTEM32\CoreMessaging.dll
0x00007ffadc310000 - 0x00007ffadc404000 	C:\Windows\SYSTEM32\PROPSYS.dll
0x00007ffadaab0000 - 0x00007ffadac07000 	C:\Windows\SYSTEM32\wintypes.dll
0x00007ffadaca0000 - 0x00007ffadaffb000 	C:\Windows\SYSTEM32\CoreUIComponents.dll
0x00007ffadf5b0000 - 0x00007ffadf5e3000 	C:\Windows\SYSTEM32\ntmarta.dll
0x00007ffaddc10000 - 0x00007ffaddcae000 	C:\Windows\system32\uxtheme.dll
0x00007ffae1950000 - 0x00007ffae1a65000 	C:\Windows\System32\MSCTF.dll

dbghelp: loaded successfully - version: 4.0.5 - missing functions: none
symbol engine: initialized successfully - sym options: 0x614 - pdb path: .;C:\Users\siegf\.gradle\jdks\jetbrains_s_r_o_-21-amd64-windows.2\bin;C:\Windows\SYSTEM32;C:\Windows\WinSxS\amd64_microsoft.windows.common-controls_6595b64144ccf1df_6.0.19041.5915_none_60b4b9d171f9c7c7;C:\Users\siegf\.gradle\jdks\jetbrains_s_r_o_-21-amd64-windows.2\bin\server;C:\Users\siegf\AppData\Local\Temp\lwjgl_siegf\3.3.6+1\x64

VM Arguments:
jvm_args: -Dfile.encoding=UTF-8 -Duser.country=GB -Duser.language=en -Duser.variant 
java_command: me.wh4i3.turbine.Main
java_class_path (initial): C:\Users\siegf\source\Java\Turbine\build\classes\java\main;C:\Users\siegf\source\Java\Turbine\build\resources\main;C:\Users\siegf\.gradle\caches\modules-2\files-2.1\org.slf4j\slf4j-simple\1.7.27\59661ca47034c6a72e255e5803ae4019d2bd55c9\slf4j-simple-1.7.27.jar;C:\Users\siegf\.gradle\caches\modules-2\files-2.1\io.github.spair\imgui-java-app\1.89.0\b489c73b9762cd339860450dba936a0db5052d86\imgui-java-app-1.89.0.jar;C:\Users\siegf\.gradle\caches\modules-2\files-2.1\io.github.spair\imgui-java-lwjgl3\1.89.0\ecaa154c833084700e8acb1c3a10c68761095516\imgui-java-lwjgl3-1.89.0.jar;C:\Users\siegf\.gradle\caches\modules-2\files-2.1\org.lwjgl\lwjgl-assimp\3.3.6\931a8de55dd5ee546689119c85ed4d4af7fa68f2\lwjgl-assimp-3.3.6.jar;C:\Users\siegf\.gradle\caches\modules-2\files-2.1\org.lwjgl\lwjgl-assimp\3.3.6\486fa1e2db9fc903a0cab984604cef1a895b0e28\lwjgl-assimp-3.3.6-natives-windows.jar;C:\Users\siegf\.gradle\caches\modules-2\files-2.1\org.lwjgl\lwjgl-glfw\3.3.6\7119f7d0eeb1e5502ff0ca71d2b4d47317da015\lwjgl-glfw-3.3.6.jar;C:\Users\siegf\.gradle\caches\modules-2\files-2.1\org.lwjgl\lwjgl-glfw\3.3.6\99ef08056feb9627f90425a4d2a22cd9fae8e39b\lwjgl-glfw-3.3.6-natives-windows.jar;C:\Users\siegf\.gradle\caches\modules-2\files-2.1\org.lwjgl\lwjgl-glfw\3.3.6\797e0965709ad180d9b00c88a086dbda15002203\lwjgl-glfw-3.3.6-natives-linux.jar;C:\Users\siegf\.gradle\caches\modules-2\files-2.1\org.lwjgl\lwjgl-glfw\3.3.6\82c8d748a654241b5961ddd1c098e8b648e38a48\lwjgl-glfw-3.3.6-natives-macos.jar;C:\Users\siegf\.gradle\caches\modules-2\files-2.1\org.lwjgl\lwjgl-glfw\3.3.6\399b42b491c5dfa6595ae6fd79dcba61b93538a7\lwjgl-glfw-3.3.6-natives-macos-arm64.jar;C:\Users\siegf\.gradle\caches\modules-2\files-2.1\org.lwjgl\lwjgl-openal\3.3.6\ad313317ff399fd2a7f4dd74716a68cf3976c6ad\lwjgl-openal-3.3.6.jar;C:\Users\siegf\.gradle\caches\modules-2\files-2.1\org.lwjgl\lwjgl-openal\3.3.6\9c2b9b660e085bb0b47a4453dc0e26f24a5475e4\lwjgl-openal-3.3.6-natives-windows.jar;C:\Users\siegf\.gradle\caches\modules-2\files-2.1\org.lwjgl\lwjgl-opengl\3.3.6\ac2532612a4df374e9a9282bcf8ce2573018ebbb\lwjgl-opengl-3.3.6.jar;C:\Users\siegf\.gradle\caches\modules-2\files-2.1\org.lwjgl\lwjgl-opengl\3.3.6\18dc639ebc94aa5202c2157f7490d28997b697c5\lwjgl-opengl-3.3.6-natives-windows.jar;C:\Users\siegf\.gradle\caches\modules-2\files-2.1\org.lwjgl\lwjgl-opengl\3.3.6\b8dc6467fe232d552793c53dc56f9fa8a385299c\lwjgl-opengl-3.3.6-natives-linux.jar;C:\Users\siegf\.gradle\caches\modules-2\files-2.1\org.lwjgl\lwjgl-opengl\3.3.6\59f708eb4bf0be0204bbc9c06807911724673db6\lwjgl-opengl-3.3.6-natives-macos.jar;C:\Users\siegf\.gradle\caches\modules-2\files-2.1\org.lwjgl\lwjgl-opengl\3.3.6\fee4fb2ee786af6530b6f9188205a76bc4e05268\lwjgl-opengl-3.3.6-natives-macos-arm64.jar;C:\Users\siegf\.gradle\caches\modules-2\files-2.1\org.lwjgl\lwjgl-stb\3.3.6\e2d3739dcfe7b672b626ded66d94f6587083306e\lwjgl-stb-3.3.6.jar;C:\Users\siegf\.gradle\caches\modules-2\files-2.1\org.lwjgl\lwjgl-stb\3.3.6\334cf885b39e2db9070c39e70e65efb136435f10\lwjgl-stb-3.3.6-natives-windows.jar;C:\Users\siegf\.gradle\caches\modules-2\files-2.1\org.lwjgl\lwjgl\3.3.6\ce7721d30cfaf47feaed10213e0c43eb55c49d68\lwjgl-3.3.6.jar;C:\Users\siegf\.gradle\caches\modules-2\files-2.1\org.lwjgl\lwjgl\3.3.6\9a29b6a22fc5184604b8cb434ee5d5ecc4bfcbee\lwjgl-3.3.6-natives-windows.jar;C:\Users\siegf\.gradle\caches\modules-2\files-2.1\org.lwjgl\lwjgl\3.3.6\dc7db8fc4f1e6563867f9155b9a42d9c73d8992f\lwjgl-3.3.6-natives-linux.jar;C:\Users\siegf\.gradle\caches\modules-2\files-2.1\org.lwjgl\lwjgl\3.3.6\f14e7a5289d2355822f4f83b3fd38d158c939acd\lwjgl-3.3.6-natives-macos.jar;C:\Users\siegf\.gradle\caches\modules-2\files-2.1\org.lwjgl\lwjgl\3.3.6\832e2964ce74e02e768814a29c06d60645115b9a\lwjgl-3.3.6-natives-macos-arm64.jar;C:\Users\siegf\.gradle\caches\modules-2\files-2.1\org.slf4j\slf4j-api\1.7.27\b628ec7448e775334ed58554eff9731a66bafdae\slf4j-api-1.7.27.jar;C:\Users\siegf\.gradle\caches\modules-2\files-2.1\io.github.spair\imgui-java-binding\1.89.0\97c691effb5cf18f918546df7e770cdee19a2fa2\imgui-java-binding-1.89.0.jar
Launcher Type: SUN_STANDARD

[Global flags]
     intx CICompilerCount                          = 4                                         {product} {ergonomic}
     uint ConcGCThreads                            = 3                                         {product} {ergonomic}
     uint G1ConcRefinementThreads                  = 10                                        {product} {ergonomic}
   size_t G1HeapRegionSize                         = 2097152                                   {product} {ergonomic}
    uintx GCDrainStackTargetSize                   = 64                                        {product} {ergonomic}
   size_t InitialHeapSize                          = 266338304                                 {product} {ergonomic}
   size_t MarkStackSize                            = 4194304                                   {product} {ergonomic}
   size_t MaxHeapSize                              = 4257218560                                {product} {ergonomic}
   size_t MaxNewSize                               = 2554331136                                {product} {ergonomic}
   size_t MinHeapDeltaBytes                        = 2097152                                   {product} {ergonomic}
   size_t MinHeapSize                              = 8388608                                   {product} {ergonomic}
    uintx NonNMethodCodeHeapSize                   = 5839372                                {pd product} {ergonomic}
    uintx NonProfiledCodeHeapSize                  = 122909434                              {pd product} {ergonomic}
    uintx ProfiledCodeHeapSize                     = 122909434                              {pd product} {ergonomic}
    uintx ReservedCodeCacheSize                    = 251658240                              {pd product} {ergonomic}
     bool SegmentedCodeCache                       = true                                      {product} {ergonomic}
   size_t SoftMaxHeapSize                          = 4257218560                             {manageable} {ergonomic}
     bool UseCompressedOops                        = true                           {product lp64_product} {ergonomic}
     bool UseG1GC                                  = true                                      {product} {ergonomic}
     bool UseLargePagesIndividualAllocation        = false                                  {pd product} {ergonomic}

Logging:
Log output configuration:
 #0: stdout all=warning uptime,level,tags foldmultilines=false
 #1: stderr all=off uptime,level,tags foldmultilines=false

Environment Variables:
JAVA_HOME=C:\Program Files\Java\jdk-21
PATH=C:\Ruby33-x64\bin;C:\Python312\Scripts\;C:\Python312\;C:\Program Files\Common Files\Oracle\Java\javapath;C:\Windows\system32;C:\Windows;C:\Windows\System32\Wbem;C:\Windows\System32\WindowsPowerShell\v1.0\;C:\Windows\System32\OpenSSH\;C:\Program Files\dotnet\;C:\Program Files\Git\cmd;C:\Program Files (x86)\NVIDIA Corporation\PhysX\Common;C:\Program Files\spwn\;C:\Program Files\NASM;C:\Program Files\Go\bin;C:\TDM-GCC-64\bin;C:\Program Files\nodejs\;C:\ProgramData\chocolatey\bin;C:\Python312\Lib\site-packages\PyInstaller;C:\php-8.4.0;C:\Program Files (x86)\Steam\steamapps\common\Counter-Strike Global Offensive\game\bin\RadGen\RadGen;C:\Program Files\Docker\Docker\resources\bin;C:\Gradle\gradle-8.14\bin;C:\Program Files (x86)\Windows Kits\10\Windows Performance Toolkit\;C:\Program Files\CMake\bin;C:\Program Files\NVIDIA Corporation\NVIDIA App\NvDLISR;C:\Users\siegf\AppData\Local\Muse Hub\lib;C:\Users\siegf\scoop\shims;C:\Users\siegf\.cargo\bin;C:\Users\siegf\AppData\Local\Microsoft\WindowsApps;C:\Users\siegf\AppData\Local\Programs\Microsoft VS Code\bin;C:\Users\siegf\.dotnet\tools;C:\Program Files\JetBrains\IntelliJ IDEA Community Edition 2024.3.2.2\bin;C:\Users\siegf\AppData\Local\GitHubDesktop\bin;C:\Program Files\NASM;C:\PATH_Programs;C:\Program Files\JetBrains\IntelliJ IDEA 2023.3.4\bin;C:\Users\siegf\go\bin;C:\TDM-GCC-64\bin;C:\Users\siegf\AppData\Roaming\npm;C:\Users\siegf\AppData\Local\Muse Hub\lib;C:\Users\siegf\AppData\Local\JetBrains\Toolbox\scripts;C:\Users\siegf\AppData\Local\Muse Hub\lib;C:\Users\siegf\.dotnet\tools;C:\Users\siegf\AppData\Local\Microsoft\WinGet\Links;
USERNAME=siegf
LANG=ZZ
OS=Windows_NT
PROCESSOR_IDENTIFIER=Intel64 Family 6 Model 167 Stepping 1, GenuineIntel
TMP=C:\Users\siegf\AppData\Local\Temp
TEMP=C:\Users\siegf\AppData\Local\Temp




Periodic native trim disabled

JNI global refs:
JNI global refs: 10, weak refs: 0

JNI global refs memory usage: 835, weak refs: 201

Process memory usage:
Resident Set Size: 60136K (0% of 16627136K total physical memory with 3741232K free physical memory)

OOME stack traces (most recent first):
Classloader memory used:
Loader bootstrap                                                                       : 2094K
Loader jdk.internal.loader.ClassLoaders$AppClassLoader                                 : 1413K
Loader jdk.internal.loader.ClassLoaders$PlatformClassLoader                            : 19752B

---------------  S Y S T E M  ---------------

OS:
 Windows 10 , 64 bit Build 19041 (10.0.19041.5915)
OS uptime: 2 days 20:37 hours
Hyper-V role detected

CPU: total 12 (initial active 12) (6 cores per cpu, 2 threads per core) family 6 model 167 stepping 1 microcode 0x24, cx8, cmov, fxsr, ht, mmx, 3dnowpref, sse, sse2, sse3, ssse3, sse4.1, sse4.2, popcnt, lzcnt, tsc, tscinvbit, avx, avx2, erms, clmul, bmi1, bmi2, adx, avx512f, avx512dq, avx512cd, avx512bw, avx512vl, sha, fma, vzeroupper, avx512_vpopcntdq, avx512_vpclmulqdq, avx512_vnni, clflush, clflushopt, avx512_vbmi2, avx512_vbmi, hv, rdtscp, rdpid, fsrm, gfni, avx512_bitalg, f16c, avx512_ifma
Processor Information for the first 12 processors :
  Max Mhz: 2592, Current Mhz: 2592, Mhz Limit: 2592

Memory: 4k page, system-wide physical 16237M (3653M free)
TotalPageFile size 24455M (AvailPageFile size 3177M)
current process WorkingSet (physical memory assigned to process): 58M, peak: 58M
current process commit charge ("private bytes"): 352M, peak: 353M

vm_info: OpenJDK 64-Bit Server VM (21.0.6+9-b895.97) for windows-amd64 JRE (21.0.6+9-b895.97), built on 2025-03-03 by "builduser" with MS VC++ 16.10 / 16.11 (VS2019)

END.
