#
# A fatal error has been detected by the Java Runtime Environment:
#
#  EXCEPTION_ACCESS_VIOLATION (0xc0000005) at pc=0x000002581d0f79dd, pid=15384, tid=12504
#
# JRE version: OpenJDK Runtime Environment JBR-21.0.6+9-895.97-jcef (21.0.6+9) (build 21.0.6+9-b895.97)
# Java VM: OpenJDK 64-Bit Server VM JBR-21.0.6+9-895.97-jcef (21.0.6+9-b895.97, mixed mode, sharing, tiered, compressed oops, compressed class ptrs, g1 gc, windows-amd64)
# Problematic frame:
# J 668 c2 sun.misc.Unsafe.putLong(Ljava/lang/Object;JJ)V jdk.unsupported@21.0.6 (11 bytes) @ 0x000002581d0f79dd [0x000002581d0f79a0+0x000000000000003d]
#
# No core dump will be written. Minidumps are not enabled by default on client versions of Windows
#
# If you would like to submit a bug report, please visit:
#   https://youtrack.jetbrains.com/issues/JBR
#

---------------  S U M M A R Y ------------

Command Line: -Dfile.encoding=UTF-8 -Duser.country=GB -Duser.language=en -Duser.variant me.wh4i3.turbine.Main

Host: 11th Gen Intel(R) Core(TM) i5-11400F @ 2.60GHz, 12 cores, 15G,  Windows 10 , 64 bit Build 19041 (10.0.19041.5915)
Time: Sun Jul 20 21:53:05 2025 W. Europe Summer Time elapsed time: 0.915063 seconds (0d 0h 0m 0s)

---------------  T H R E A D  ---------------

Current thread (0x000002582c975d70):  JavaThread "Thread-0"         [_thread_in_Java, id=12504, stack(0x0000007e96c00000,0x0000007e96d00000) (1024K)]

Stack: [0x0000007e96c00000,0x0000007e96d00000],  sp=0x0000007e96cfefc0,  free space=1019k
Native frames: (J=compiled Java code, j=interpreted, Vv=VM code, C=native code)
C  0x000002581d0f79dd

The last pc belongs to nmethod (printed below).

siginfo: EXCEPTION_ACCESS_VIOLATION (0xc0000005), writing address 0x0000000000000010


Registers:
RAX=0x000002586e1772b8, RBX=0x000002586e1772b8, RCX=0x0000000711ac17d8, RDX=0x0000000711ac17d8
RSP=0x0000007e96cfefc0, RBP=0x0000007e96cff058, RSI=0x0000000000000022, RDI=0x000000003e000000
R8 =0x0000000000000000, R9 =0x0000000000000010, R10=0x0000000000000000, R11=0x000002581d0f79c0
R12=0x0000000000000000, R13=0x0000007e96cfefe0, R14=0x0000007e96cff080, R15=0x000002582c975d70
RIP=0x000002581d0f79dd, EFLAGS=0x0000000000010246

XMM[0]=0x0000000000000000 0x0000000000000000
XMM[1]=0x0000000000000000 0x0000000000000000
XMM[2]=0x0000000000000000 0x0000000000000000
XMM[3]=0x0000000000000000 0x0000000000000000
XMM[4]=0x0000000000000000 0x0000000000000000
XMM[5]=0x0000000000000000 0x0000000000000000
XMM[6]=0x0000000000000000 0x5447d8337c97227f
XMM[7]=0x0000000000000000 0x1ed9ce78fe8c88fb
XMM[8]=0x0000000000000000 0x7d881268aa27282d
XMM[9]=0x0000000000000000 0x98ac0903947e622b
XMM[10]=0x0000000000000000 0x00000000fbd25928
XMM[11]=0x0000000000000000 0xd9cd6ced6e4bcf18
XMM[12]=0x0000000000000000 0x00000000947e622b
XMM[13]=0x0000000000000000 0x0000000000000000
XMM[14]=0x0000000000000000 0x0000000000000000
XMM[15]=0x0000000000000000 0x0000000000000000
  MXCSR=0x00001fa0


Register to memory mapping:

RAX={method} {0x000002586e1772c0} 'putLong' '(Ljava/lang/Object;JJ)V' in 'sun/misc/Unsafe'
RBX={method} {0x000002586e1772c0} 'putLong' '(Ljava/lang/Object;JJ)V' in 'sun/misc/Unsafe'
RCX=0x0000000711ac17d8 is an oop: sun.misc.Unsafe 
{0x0000000711ac17d8} - klass: 'sun/misc/Unsafe'
 - ---- fields (total size 2 words):
RDX=0x0000000711ac17d8 is an oop: sun.misc.Unsafe 
{0x0000000711ac17d8} - klass: 'sun/misc/Unsafe'
 - ---- fields (total size 2 words):
RSP=0x0000007e96cfefc0 is pointing into the stack for thread: 0x000002582c975d70
RBP=0x0000007e96cff058 is pointing into the stack for thread: 0x000002582c975d70
RSI=0x0000000000000022 is an unknown value
RDI=0x000000003e000000 is an unknown value
R8 =0x0 is null
R9 =0x0000000000000010 is an unknown value
R10=0x0 is null
R11=0x000002581d0f79c0 is at entry_point+32 in (nmethod*)0x000002581d0f7810
Compiled method (c2) 922  668       4       sun.misc.Unsafe::putLong (11 bytes)
 total in heap  [0x000002581d0f7810,0x000002581d0f7a68] = 600
 relocation     [0x000002581d0f7970,0x000002581d0f7988] = 24
 main code      [0x000002581d0f79a0,0x000002581d0f7a18] = 120
 stub code      [0x000002581d0f7a18,0x000002581d0f7a30] = 24
 metadata       [0x000002581d0f7a30,0x000002581d0f7a38] = 8
 scopes data    [0x000002581d0f7a38,0x000002581d0f7a40] = 8
 scopes pcs     [0x000002581d0f7a40,0x000002581d0f7a60] = 32
 dependencies   [0x000002581d0f7a60,0x000002581d0f7a68] = 8
R12=0x0 is null
R13=0x0000007e96cfefe0 is pointing into the stack for thread: 0x000002582c975d70
R14=0x0000007e96cff080 is pointing into the stack for thread: 0x000002582c975d70
R15=0x000002582c975d70 is a thread

Top of Stack: (sp=0x0000007e96cfefc0)
0x0000007e96cfefc0:   0000007e96cff058 0000000000000022
0x0000007e96cfefd0:   0000007e96cff058 000002581cb28860
0x0000007e96cfefe0:   000000003e000000 0000000000000000
0x0000007e96cfeff0:   0000000000000010 0000000000000000
0x0000007e96cff000:   0000000000000000 0000000711ac17d8
0x0000007e96cff010:   0000007e96cff010 000002586ea58169
0x0000007e96cff020:   0000000000000005 000002586ea70000
0x0000007e96cff030:   0000000000000000 0000000710fcacc0
0x0000007e96cff040:   000002586ea57f70 0000007e96cfefe0
0x0000007e96cff050:   0000007e96cff070 0000007e96cff0d0
0x0000007e96cff060:   000002581cb28860 0000000000000000
0x0000007e96cff070:   0000000000000010 0000000000000000
0x0000007e96cff080:   0000000710f09010 0000007e96cff088
0x0000007e96cff090:   000002586ea60116 0000000000000005
0x0000007e96cff0a0:   000002586ea70000 0000000000000000
0x0000007e96cff0b0:   0000000710fcacc0 000002586ea60160
0x0000007e96cff0c0:   0000007e96cff070 0000007e96cff0e0
0x0000007e96cff0d0:   0000007e96cff148 000002581cb28860
0x0000007e96cff0e0:   0000000710f29a30 0000000000000000
0x0000007e96cff0f0:   0000000710f09010 0000000710d983f0
0x0000007e96cff100:   0000007e96cff100 000002586e85ed39
0x0000007e96cff110:   0000000000000003 000002586ea129e8
0x0000007e96cff120:   0000000000000000 0000000710f08ef0
0x0000007e96cff130:   000002586e85ed60 0000007e96cff0e0
0x0000007e96cff140:   0000007e96cff158 0000007e96cff1c0
0x0000007e96cff150:   000002581cb289d2 0000000710f29a30
0x0000007e96cff160:   0000000710f09010 0000000000000000
0x0000007e96cff170:   00000000ffffffff 0000007e96cff178
0x0000007e96cff180:   000002586e83a8cd 0000000000000005
0x0000007e96cff190:   000002586e83ab80 0000000000000000
0x0000007e96cff1a0:   0000000710ebc5a0 000002586e83a910
0x0000007e96cff1b0:   0000007e96cff158 0000007e96cff1e0 

Instructions: (pc=0x000002581d0f79dd)
0x000002581d0f78dd:   00 00 00 00 00 00 00 00 00 00 00 00 00 00 00 00
0x000002581d0f78ed:   00 00 00 a0 79 0f 1d 58 02 00 00 c0 79 0f 1d 58
0x000002581d0f78fd:   02 00 00 a0 79 0f 1d 58 02 00 00 00 00 00 00 ff
0x000002581d0f790d:   ff ff ff 08 02 00 00 ff ff ff ff 90 01 00 00 08
0x000002581d0f791d:   02 00 00 20 02 00 00 20 02 00 00 00 00 00 00 30
0x000002581d0f792d:   02 00 00 50 02 00 00 58 02 00 00 58 02 00 00 58
0x000002581d0f793d:   02 00 00 58 02 00 00 58 02 00 00 00 00 00 00 9c
0x000002581d0f794d:   02 00 00 00 00 00 00 02 00 00 00 ff ff ff ff ff
0x000002581d0f795d:   ff ff ff 04 02 00 00 00 00 00 00 00 00 00 00 00
0x000002581d0f796d:   00 00 00 14 30 32 58 0e 78 0e 40 11 31 05 31 0e
0x000002581d0f797d:   00 00 31 0f 31 00 00 00 00 00 00 00 00 00 00 00
0x000002581d0f798d:   00 00 00 00 00 00 00 00 00 00 00 00 00 00 00 00
0x000002581d0f799d:   00 00 00 44 8b 52 08 49 bb 00 00 00 2d 58 02 00
0x000002581d0f79ad:   00 4d 03 d3 49 3b c2 0f 85 c6 6f a7 ff 66 90 0f
0x000002581d0f79bd:   1f 40 00 48 81 ec 18 00 00 00 48 89 6c 24 10 41
0x000002581d0f79cd:   81 7f 20 01 00 00 00 0f 85 30 00 00 00 4d 8b d0
0x000002581d0f79dd:   4b 89 3c 0a 48 83 c4 10 5d 49 3b a7 48 04 00 00
0x000002581d0f79ed:   0f 87 01 00 00 00 c3 49 ba e6 79 0f 1d 58 02 00
0x000002581d0f79fd:   00 4d 89 97 60 04 00 00 e9 76 f1 a7 ff e8 b1 e2
0x000002581d0f7a0d:   a5 ff e9 c6 ff ff ff f4 f4 f4 f4 e9 63 69 b5 ff
0x000002581d0f7a1d:   e8 00 00 00 00 48 83 2c 24 05 e9 f4 05 a8 ff f4
0x000002581d0f7a2d:   f4 f4 f4 b8 72 17 6e 58 02 00 00 ff 00 00 00 00
0x000002581d0f7a3d:   00 00 00 ff ff ff ff 00 00 00 00 00 00 00 00 00
0x000002581d0f7a4d:   00 00 00 91 00 00 00 00 00 00 00 00 00 00 00 00
0x000002581d0f7a5d:   00 00 00 01 02 00 00 00 00 00 00 00 00 00 00 00
0x000002581d0f7a6d:   00 00 00 00 00 00 00 00 00 00 00 00 00 00 00 00
0x000002581d0f7a7d:   00 00 00 00 00 00 00 00 00 00 00 00 00 00 00 00
0x000002581d0f7a8d:   00 00 00 00 00 00 00 00 00 00 00 00 00 00 00 00
0x000002581d0f7a9d:   00 00 00 00 00 00 00 00 00 00 00 00 00 00 00 00
0x000002581d0f7aad:   00 00 00 00 00 00 00 00 00 00 00 00 00 00 00 00
0x000002581d0f7abd:   00 00 00 00 00 00 00 00 00 00 00 00 00 00 00 00
0x000002581d0f7acd:   00 00 00 00 00 00 00 00 00 00 00 00 00 00 00 00 


Stack slot to memory mapping:

stack at sp + 0 slots: 0x0000007e96cff058 is pointing into the stack for thread: 0x000002582c975d70
stack at sp + 1 slots: 0x0000000000000022 is an unknown value
stack at sp + 2 slots: 0x0000007e96cff058 is pointing into the stack for thread: 0x000002582c975d70
stack at sp + 3 slots: 0x000002581cb28860 is at code_begin+1184 in an Interpreter codelet
return entry points  [0x000002581cb283c0, 0x000002581cb28f60]  2976 bytes
stack at sp + 4 slots: 0x000000003e000000 is an unknown value
stack at sp + 5 slots: 0x0 is null
stack at sp + 6 slots: 0x0000000000000010 is an unknown value
stack at sp + 7 slots: 0x0 is null


Compiled method (c2) 931  668       4       sun.misc.Unsafe::putLong (11 bytes)
 total in heap  [0x000002581d0f7810,0x000002581d0f7a68] = 600
 relocation     [0x000002581d0f7970,0x000002581d0f7988] = 24
 main code      [0x000002581d0f79a0,0x000002581d0f7a18] = 120
 stub code      [0x000002581d0f7a18,0x000002581d0f7a30] = 24
 metadata       [0x000002581d0f7a30,0x000002581d0f7a38] = 8
 scopes data    [0x000002581d0f7a38,0x000002581d0f7a40] = 8
 scopes pcs     [0x000002581d0f7a40,0x000002581d0f7a60] = 32
 dependencies   [0x000002581d0f7a60,0x000002581d0f7a68] = 8

[Constant Pool (empty)]

[MachCode]
[Entry Point]
  # {method} {0x000002586e1772c0} 'putLong' '(Ljava/lang/Object;JJ)V' in 'sun/misc/Unsafe'
  # this:     rdx:rdx   = 'sun/misc/Unsafe'
  # parm0:    r8:r8     = 'java/lang/Object'
  # parm1:    r9:r9     = long
  # parm2:    rdi:rdi   = long
  #           [sp+0x20]  (sp of caller)
  0x000002581d0f79a0: 448b 5208 | 49bb 0000 | 002d 5802 | 0000 4d03 | d349 3bc2 

  0x000002581d0f79b4: ;   {runtime_call ic_miss_stub}
  0x000002581d0f79b4: 0f85 c66f | a7ff 6690 | 0f1f 4000 
[Verified Entry Point]
  0x000002581d0f79c0: 4881 ec18 | 0000 0048 | 896c 2410 | 4181 7f20 | 0100 0000 | 0f85 3000 | 0000 4d8b | d04b 893c 
  0x000002581d0f79e0: 0a48 83c4 

  0x000002581d0f79e4: ;   {poll_return}
  0x000002581d0f79e4: 105d 493b | a748 0400 | 000f 8701 | 0000 00c3 

  0x000002581d0f79f4: ;   {internal_word}
  0x000002581d0f79f4: 49ba e679 | 0f1d 5802 | 0000 4d89 | 9760 0400 

  0x000002581d0f7a04: ;   {runtime_call SafepointBlob}
  0x000002581d0f7a04: 00e9 76f1 

  0x000002581d0f7a08: ;   {runtime_call StubRoutines (final stubs)}
  0x000002581d0f7a08: a7ff e8b1 | e2a5 ffe9 | c6ff ffff | f4f4 f4f4 
[Exception Handler]
  0x000002581d0f7a18: ;   {no_reloc}
  0x000002581d0f7a18: e963 69b5 | ffe8 0000 | 0000 4883 

  0x000002581d0f7a24: ;   {runtime_call DeoptimizationBlob}
  0x000002581d0f7a24: 2c24 05e9 | f405 a8ff | f4f4 f4f4 
[/MachCode]


---------------  P R O C E S S  ---------------

Threads class SMR info:
_java_thread_list=0x0000025878f77f10, length=16, elements={
0x000002582c6e9b00, 0x000002582c6eba20, 0x000002582c6edb80, 0x000002582c6f05e0,
0x000002582c6f1030, 0x000002582c6f9a90, 0x000002582c702130, 0x000002582c702bc0,
0x000002582c976a90, 0x000002582c976400, 0x000002582c9756e0, 0x000002582c975d70,
0x000002587208fcb0, 0x00000258720909d0, 0x00000258790542a0, 0x0000025879055150
}

Java Threads: ( => current thread )
  0x000002582c6e9b00 JavaThread "Reference Handler"          daemon [_thread_blocked, id=13448, stack(0x0000007e96000000,0x0000007e96100000) (1024K)]
  0x000002582c6eba20 JavaThread "Finalizer"                  daemon [_thread_blocked, id=23912, stack(0x0000007e96100000,0x0000007e96200000) (1024K)]
  0x000002582c6edb80 JavaThread "Signal Dispatcher"          daemon [_thread_blocked, id=17080, stack(0x0000007e96200000,0x0000007e96300000) (1024K)]
  0x000002582c6f05e0 JavaThread "Attach Listener"            daemon [_thread_blocked, id=15148, stack(0x0000007e96300000,0x0000007e96400000) (1024K)]
  0x000002582c6f1030 JavaThread "Service Thread"             daemon [_thread_blocked, id=4488, stack(0x0000007e96400000,0x0000007e96500000) (1024K)]
  0x000002582c6f9a90 JavaThread "Monitor Deflation Thread"   daemon [_thread_blocked, id=11660, stack(0x0000007e96500000,0x0000007e96600000) (1024K)]
  0x000002582c702130 JavaThread "C2 CompilerThread0"         daemon [_thread_blocked, id=16296, stack(0x0000007e96600000,0x0000007e96700000) (1024K)]
  0x000002582c702bc0 JavaThread "C1 CompilerThread0"         daemon [_thread_blocked, id=21556, stack(0x0000007e96700000,0x0000007e96800000) (1024K)]
  0x000002582c976a90 JavaThread "Notification Thread"        daemon [_thread_blocked, id=9660, stack(0x0000007e96800000,0x0000007e96900000) (1024K)]
  0x000002582c976400 JavaThread "Common-Cleaner"             daemon [_thread_blocked, id=29064, stack(0x0000007e96900000,0x0000007e96a00000) (1024K)]
  0x000002582c9756e0 JavaThread "pool-1-thread-1"                   [_thread_blocked, id=24132, stack(0x0000007e96b00000,0x0000007e96c00000) (1024K)]
=>0x000002582c975d70 JavaThread "Thread-0"                          [_thread_in_Java, id=12504, stack(0x0000007e96c00000,0x0000007e96d00000) (1024K)]
  0x000002587208fcb0 JavaThread "DestroyJavaVM"                     [_thread_blocked, id=20384, stack(0x0000007e95800000,0x0000007e95900000) (1024K)]
  0x00000258720909d0 JavaThread "Java2D Disposer"            daemon [_thread_blocked, id=29276, stack(0x0000007e96a00000,0x0000007e96b00000) (1024K)]
  0x00000258790542a0 JavaThread "C2 CompilerThread1"         daemon [_thread_blocked, id=264, stack(0x0000007e97400000,0x0000007e97500000) (1024K)]
  0x0000025879055150 JavaThread "C2 CompilerThread2"         daemon [_thread_blocked, id=31660, stack(0x0000007e97500000,0x0000007e97600000) (1024K)]
Total: 16

Other Threads:
  0x000002582c6ce760 VMThread "VM Thread"                           [id=30312, stack(0x0000007e95f00000,0x0000007e96000000) (1024K)]
  0x000002582c6bbf90 WatcherThread "VM Periodic Task Thread"        [id=9092, stack(0x0000007e95e00000,0x0000007e95f00000) (1024K)]
  0x000002581120eff0 WorkerThread "GC Thread#0"                     [id=10480, stack(0x0000007e95900000,0x0000007e95a00000) (1024K)]
  0x00000258112204b0 ConcurrentGCThread "G1 Main Marker"            [id=15236, stack(0x0000007e95a00000,0x0000007e95b00000) (1024K)]
  0x0000025811221070 WorkerThread "G1 Conc#0"                       [id=14240, stack(0x0000007e95b00000,0x0000007e95c00000) (1024K)]
  0x000002582c58a9d0 ConcurrentGCThread "G1 Refine#0"               [id=17744, stack(0x0000007e95c00000,0x0000007e95d00000) (1024K)]
  0x000002582c58b450 ConcurrentGCThread "G1 Service"                [id=13124, stack(0x0000007e95d00000,0x0000007e95e00000) (1024K)]
Total: 7

Threads with active compile tasks:
Total: 0

VM state: not at safepoint (normal execution)

VM Mutex/Monitor currently owned by a thread: None

Heap address: 0x0000000702400000, size: 4060 MB, Compressed Oops mode: Zero based, Oop shift amount: 3

CDS archive(s) mapped at: [0x000002582d000000-0x000002582dd10000-0x000002582dd10000), size 13697024, SharedBaseAddress: 0x000002582d000000, ArchiveRelocationMode: 1.
Compressed class space mapped at: 0x000002582e000000-0x000002586e000000, reserved size: 1073741824
Narrow klass base: 0x000002582d000000, Narrow klass shift: 0, Narrow klass range: 0x100000000

GC Precious Log:
 CardTable entry size: 512
 Card Set container configuration: InlinePtr #cards 4 size 8 Array Of Cards #cards 16 size 48 Howl #buckets 8 coarsen threshold 3686 Howl Bitmap #cards 512 size 80 coarsen threshold 460 Card regions per heap region 1 cards per card region 4096
 CPUs: 12 total, 12 available
 Memory: 16237M
 Large Page Support: Disabled
 NUMA Support: Disabled
 Compressed Oops: Enabled (Zero based)
 Heap Region Size: 2M
 Heap Min Capacity: 8M
 Heap Initial Capacity: 254M
 Heap Max Capacity: 4060M
 Pre-touch: Disabled
 Parallel Workers: 10
 Concurrent Workers: 3
 Concurrent Refinement Workers: 10
 Periodic GC: Disabled

Heap:
 garbage-first heap   total 260096K, used 20480K [0x0000000702400000, 0x0000000800000000)
  region size 2048K, 11 young (22528K), 0 survivors (0K)
 Metaspace       used 12161K, committed 12416K, reserved 1114112K
  class space    used 778K, committed 896K, reserved 1048576K

Heap Regions: E=young(eden), S=young(survivor), O=old, HS=humongous(starts), HC=humongous(continues), CS=collection set, F=free, TAMS=top-at-mark-start, PB=parsable bottom
|   0|0x0000000702400000, 0x0000000702400000, 0x0000000702600000|  0%| F|  |TAMS 0x0000000702400000| PB 0x0000000702400000| Untracked 
|   1|0x0000000702600000, 0x0000000702600000, 0x0000000702800000|  0%| F|  |TAMS 0x0000000702600000| PB 0x0000000702600000| Untracked 
|   2|0x0000000702800000, 0x0000000702800000, 0x0000000702a00000|  0%| F|  |TAMS 0x0000000702800000| PB 0x0000000702800000| Untracked 
|   3|0x0000000702a00000, 0x0000000702a00000, 0x0000000702c00000|  0%| F|  |TAMS 0x0000000702a00000| PB 0x0000000702a00000| Untracked 
|   4|0x0000000702c00000, 0x0000000702c00000, 0x0000000702e00000|  0%| F|  |TAMS 0x0000000702c00000| PB 0x0000000702c00000| Untracked 
|   5|0x0000000702e00000, 0x0000000702e00000, 0x0000000703000000|  0%| F|  |TAMS 0x0000000702e00000| PB 0x0000000702e00000| Untracked 
|   6|0x0000000703000000, 0x0000000703000000, 0x0000000703200000|  0%| F|  |TAMS 0x0000000703000000| PB 0x0000000703000000| Untracked 
|   7|0x0000000703200000, 0x0000000703200000, 0x0000000703400000|  0%| F|  |TAMS 0x0000000703200000| PB 0x0000000703200000| Untracked 
|   8|0x0000000703400000, 0x0000000703400000, 0x0000000703600000|  0%| F|  |TAMS 0x0000000703400000| PB 0x0000000703400000| Untracked 
|   9|0x0000000703600000, 0x0000000703600000, 0x0000000703800000|  0%| F|  |TAMS 0x0000000703600000| PB 0x0000000703600000| Untracked 
|  10|0x0000000703800000, 0x0000000703800000, 0x0000000703a00000|  0%| F|  |TAMS 0x0000000703800000| PB 0x0000000703800000| Untracked 
|  11|0x0000000703a00000, 0x0000000703a00000, 0x0000000703c00000|  0%| F|  |TAMS 0x0000000703a00000| PB 0x0000000703a00000| Untracked 
|  12|0x0000000703c00000, 0x0000000703c00000, 0x0000000703e00000|  0%| F|  |TAMS 0x0000000703c00000| PB 0x0000000703c00000| Untracked 
|  13|0x0000000703e00000, 0x0000000703e00000, 0x0000000704000000|  0%| F|  |TAMS 0x0000000703e00000| PB 0x0000000703e00000| Untracked 
|  14|0x0000000704000000, 0x0000000704000000, 0x0000000704200000|  0%| F|  |TAMS 0x0000000704000000| PB 0x0000000704000000| Untracked 
|  15|0x0000000704200000, 0x0000000704200000, 0x0000000704400000|  0%| F|  |TAMS 0x0000000704200000| PB 0x0000000704200000| Untracked 
|  16|0x0000000704400000, 0x0000000704400000, 0x0000000704600000|  0%| F|  |TAMS 0x0000000704400000| PB 0x0000000704400000| Untracked 
|  17|0x0000000704600000, 0x0000000704600000, 0x0000000704800000|  0%| F|  |TAMS 0x0000000704600000| PB 0x0000000704600000| Untracked 
|  18|0x0000000704800000, 0x0000000704800000, 0x0000000704a00000|  0%| F|  |TAMS 0x0000000704800000| PB 0x0000000704800000| Untracked 
|  19|0x0000000704a00000, 0x0000000704a00000, 0x0000000704c00000|  0%| F|  |TAMS 0x0000000704a00000| PB 0x0000000704a00000| Untracked 
|  20|0x0000000704c00000, 0x0000000704c00000, 0x0000000704e00000|  0%| F|  |TAMS 0x0000000704c00000| PB 0x0000000704c00000| Untracked 
|  21|0x0000000704e00000, 0x0000000704e00000, 0x0000000705000000|  0%| F|  |TAMS 0x0000000704e00000| PB 0x0000000704e00000| Untracked 
|  22|0x0000000705000000, 0x0000000705000000, 0x0000000705200000|  0%| F|  |TAMS 0x0000000705000000| PB 0x0000000705000000| Untracked 
|  23|0x0000000705200000, 0x0000000705200000, 0x0000000705400000|  0%| F|  |TAMS 0x0000000705200000| PB 0x0000000705200000| Untracked 
|  24|0x0000000705400000, 0x0000000705400000, 0x0000000705600000|  0%| F|  |TAMS 0x0000000705400000| PB 0x0000000705400000| Untracked 
|  25|0x0000000705600000, 0x0000000705600000, 0x0000000705800000|  0%| F|  |TAMS 0x0000000705600000| PB 0x0000000705600000| Untracked 
|  26|0x0000000705800000, 0x0000000705800000, 0x0000000705a00000|  0%| F|  |TAMS 0x0000000705800000| PB 0x0000000705800000| Untracked 
|  27|0x0000000705a00000, 0x0000000705a00000, 0x0000000705c00000|  0%| F|  |TAMS 0x0000000705a00000| PB 0x0000000705a00000| Untracked 
|  28|0x0000000705c00000, 0x0000000705c00000, 0x0000000705e00000|  0%| F|  |TAMS 0x0000000705c00000| PB 0x0000000705c00000| Untracked 
|  29|0x0000000705e00000, 0x0000000705e00000, 0x0000000706000000|  0%| F|  |TAMS 0x0000000705e00000| PB 0x0000000705e00000| Untracked 
|  30|0x0000000706000000, 0x0000000706000000, 0x0000000706200000|  0%| F|  |TAMS 0x0000000706000000| PB 0x0000000706000000| Untracked 
|  31|0x0000000706200000, 0x0000000706200000, 0x0000000706400000|  0%| F|  |TAMS 0x0000000706200000| PB 0x0000000706200000| Untracked 
|  32|0x0000000706400000, 0x0000000706400000, 0x0000000706600000|  0%| F|  |TAMS 0x0000000706400000| PB 0x0000000706400000| Untracked 
|  33|0x0000000706600000, 0x0000000706600000, 0x0000000706800000|  0%| F|  |TAMS 0x0000000706600000| PB 0x0000000706600000| Untracked 
|  34|0x0000000706800000, 0x0000000706800000, 0x0000000706a00000|  0%| F|  |TAMS 0x0000000706800000| PB 0x0000000706800000| Untracked 
|  35|0x0000000706a00000, 0x0000000706a00000, 0x0000000706c00000|  0%| F|  |TAMS 0x0000000706a00000| PB 0x0000000706a00000| Untracked 
|  36|0x0000000706c00000, 0x0000000706c00000, 0x0000000706e00000|  0%| F|  |TAMS 0x0000000706c00000| PB 0x0000000706c00000| Untracked 
|  37|0x0000000706e00000, 0x0000000706e00000, 0x0000000707000000|  0%| F|  |TAMS 0x0000000706e00000| PB 0x0000000706e00000| Untracked 
|  38|0x0000000707000000, 0x0000000707000000, 0x0000000707200000|  0%| F|  |TAMS 0x0000000707000000| PB 0x0000000707000000| Untracked 
|  39|0x0000000707200000, 0x0000000707200000, 0x0000000707400000|  0%| F|  |TAMS 0x0000000707200000| PB 0x0000000707200000| Untracked 
|  40|0x0000000707400000, 0x0000000707400000, 0x0000000707600000|  0%| F|  |TAMS 0x0000000707400000| PB 0x0000000707400000| Untracked 
|  41|0x0000000707600000, 0x0000000707600000, 0x0000000707800000|  0%| F|  |TAMS 0x0000000707600000| PB 0x0000000707600000| Untracked 
|  42|0x0000000707800000, 0x0000000707800000, 0x0000000707a00000|  0%| F|  |TAMS 0x0000000707800000| PB 0x0000000707800000| Untracked 
|  43|0x0000000707a00000, 0x0000000707a00000, 0x0000000707c00000|  0%| F|  |TAMS 0x0000000707a00000| PB 0x0000000707a00000| Untracked 
|  44|0x0000000707c00000, 0x0000000707c00000, 0x0000000707e00000|  0%| F|  |TAMS 0x0000000707c00000| PB 0x0000000707c00000| Untracked 
|  45|0x0000000707e00000, 0x0000000707e00000, 0x0000000708000000|  0%| F|  |TAMS 0x0000000707e00000| PB 0x0000000707e00000| Untracked 
|  46|0x0000000708000000, 0x0000000708000000, 0x0000000708200000|  0%| F|  |TAMS 0x0000000708000000| PB 0x0000000708000000| Untracked 
|  47|0x0000000708200000, 0x0000000708200000, 0x0000000708400000|  0%| F|  |TAMS 0x0000000708200000| PB 0x0000000708200000| Untracked 
|  48|0x0000000708400000, 0x0000000708400000, 0x0000000708600000|  0%| F|  |TAMS 0x0000000708400000| PB 0x0000000708400000| Untracked 
|  49|0x0000000708600000, 0x0000000708600000, 0x0000000708800000|  0%| F|  |TAMS 0x0000000708600000| PB 0x0000000708600000| Untracked 
|  50|0x0000000708800000, 0x0000000708800000, 0x0000000708a00000|  0%| F|  |TAMS 0x0000000708800000| PB 0x0000000708800000| Untracked 
|  51|0x0000000708a00000, 0x0000000708a00000, 0x0000000708c00000|  0%| F|  |TAMS 0x0000000708a00000| PB 0x0000000708a00000| Untracked 
|  52|0x0000000708c00000, 0x0000000708c00000, 0x0000000708e00000|  0%| F|  |TAMS 0x0000000708c00000| PB 0x0000000708c00000| Untracked 
|  53|0x0000000708e00000, 0x0000000708e00000, 0x0000000709000000|  0%| F|  |TAMS 0x0000000708e00000| PB 0x0000000708e00000| Untracked 
|  54|0x0000000709000000, 0x0000000709000000, 0x0000000709200000|  0%| F|  |TAMS 0x0000000709000000| PB 0x0000000709000000| Untracked 
|  55|0x0000000709200000, 0x0000000709200000, 0x0000000709400000|  0%| F|  |TAMS 0x0000000709200000| PB 0x0000000709200000| Untracked 
|  56|0x0000000709400000, 0x0000000709400000, 0x0000000709600000|  0%| F|  |TAMS 0x0000000709400000| PB 0x0000000709400000| Untracked 
|  57|0x0000000709600000, 0x0000000709600000, 0x0000000709800000|  0%| F|  |TAMS 0x0000000709600000| PB 0x0000000709600000| Untracked 
|  58|0x0000000709800000, 0x0000000709800000, 0x0000000709a00000|  0%| F|  |TAMS 0x0000000709800000| PB 0x0000000709800000| Untracked 
|  59|0x0000000709a00000, 0x0000000709a00000, 0x0000000709c00000|  0%| F|  |TAMS 0x0000000709a00000| PB 0x0000000709a00000| Untracked 
|  60|0x0000000709c00000, 0x0000000709c00000, 0x0000000709e00000|  0%| F|  |TAMS 0x0000000709c00000| PB 0x0000000709c00000| Untracked 
|  61|0x0000000709e00000, 0x0000000709e00000, 0x000000070a000000|  0%| F|  |TAMS 0x0000000709e00000| PB 0x0000000709e00000| Untracked 
|  62|0x000000070a000000, 0x000000070a000000, 0x000000070a200000|  0%| F|  |TAMS 0x000000070a000000| PB 0x000000070a000000| Untracked 
|  63|0x000000070a200000, 0x000000070a200000, 0x000000070a400000|  0%| F|  |TAMS 0x000000070a200000| PB 0x000000070a200000| Untracked 
|  64|0x000000070a400000, 0x000000070a400000, 0x000000070a600000|  0%| F|  |TAMS 0x000000070a400000| PB 0x000000070a400000| Untracked 
|  65|0x000000070a600000, 0x000000070a600000, 0x000000070a800000|  0%| F|  |TAMS 0x000000070a600000| PB 0x000000070a600000| Untracked 
|  66|0x000000070a800000, 0x000000070a800000, 0x000000070aa00000|  0%| F|  |TAMS 0x000000070a800000| PB 0x000000070a800000| Untracked 
|  67|0x000000070aa00000, 0x000000070aa00000, 0x000000070ac00000|  0%| F|  |TAMS 0x000000070aa00000| PB 0x000000070aa00000| Untracked 
|  68|0x000000070ac00000, 0x000000070ac00000, 0x000000070ae00000|  0%| F|  |TAMS 0x000000070ac00000| PB 0x000000070ac00000| Untracked 
|  69|0x000000070ae00000, 0x000000070ae00000, 0x000000070b000000|  0%| F|  |TAMS 0x000000070ae00000| PB 0x000000070ae00000| Untracked 
|  70|0x000000070b000000, 0x000000070b000000, 0x000000070b200000|  0%| F|  |TAMS 0x000000070b000000| PB 0x000000070b000000| Untracked 
|  71|0x000000070b200000, 0x000000070b200000, 0x000000070b400000|  0%| F|  |TAMS 0x000000070b200000| PB 0x000000070b200000| Untracked 
|  72|0x000000070b400000, 0x000000070b400000, 0x000000070b600000|  0%| F|  |TAMS 0x000000070b400000| PB 0x000000070b400000| Untracked 
|  73|0x000000070b600000, 0x000000070b600000, 0x000000070b800000|  0%| F|  |TAMS 0x000000070b600000| PB 0x000000070b600000| Untracked 
|  74|0x000000070b800000, 0x000000070b800000, 0x000000070ba00000|  0%| F|  |TAMS 0x000000070b800000| PB 0x000000070b800000| Untracked 
|  75|0x000000070ba00000, 0x000000070ba00000, 0x000000070bc00000|  0%| F|  |TAMS 0x000000070ba00000| PB 0x000000070ba00000| Untracked 
|  76|0x000000070bc00000, 0x000000070bc00000, 0x000000070be00000|  0%| F|  |TAMS 0x000000070bc00000| PB 0x000000070bc00000| Untracked 
|  77|0x000000070be00000, 0x000000070be00000, 0x000000070c000000|  0%| F|  |TAMS 0x000000070be00000| PB 0x000000070be00000| Untracked 
|  78|0x000000070c000000, 0x000000070c000000, 0x000000070c200000|  0%| F|  |TAMS 0x000000070c000000| PB 0x000000070c000000| Untracked 
|  79|0x000000070c200000, 0x000000070c200000, 0x000000070c400000|  0%| F|  |TAMS 0x000000070c200000| PB 0x000000070c200000| Untracked 
|  80|0x000000070c400000, 0x000000070c400000, 0x000000070c600000|  0%| F|  |TAMS 0x000000070c400000| PB 0x000000070c400000| Untracked 
|  81|0x000000070c600000, 0x000000070c600000, 0x000000070c800000|  0%| F|  |TAMS 0x000000070c600000| PB 0x000000070c600000| Untracked 
|  82|0x000000070c800000, 0x000000070c800000, 0x000000070ca00000|  0%| F|  |TAMS 0x000000070c800000| PB 0x000000070c800000| Untracked 
|  83|0x000000070ca00000, 0x000000070ca00000, 0x000000070cc00000|  0%| F|  |TAMS 0x000000070ca00000| PB 0x000000070ca00000| Untracked 
|  84|0x000000070cc00000, 0x000000070cc00000, 0x000000070ce00000|  0%| F|  |TAMS 0x000000070cc00000| PB 0x000000070cc00000| Untracked 
|  85|0x000000070ce00000, 0x000000070ce00000, 0x000000070d000000|  0%| F|  |TAMS 0x000000070ce00000| PB 0x000000070ce00000| Untracked 
|  86|0x000000070d000000, 0x000000070d000000, 0x000000070d200000|  0%| F|  |TAMS 0x000000070d000000| PB 0x000000070d000000| Untracked 
|  87|0x000000070d200000, 0x000000070d200000, 0x000000070d400000|  0%| F|  |TAMS 0x000000070d200000| PB 0x000000070d200000| Untracked 
|  88|0x000000070d400000, 0x000000070d400000, 0x000000070d600000|  0%| F|  |TAMS 0x000000070d400000| PB 0x000000070d400000| Untracked 
|  89|0x000000070d600000, 0x000000070d600000, 0x000000070d800000|  0%| F|  |TAMS 0x000000070d600000| PB 0x000000070d600000| Untracked 
|  90|0x000000070d800000, 0x000000070d800000, 0x000000070da00000|  0%| F|  |TAMS 0x000000070d800000| PB 0x000000070d800000| Untracked 
|  91|0x000000070da00000, 0x000000070da00000, 0x000000070dc00000|  0%| F|  |TAMS 0x000000070da00000| PB 0x000000070da00000| Untracked 
|  92|0x000000070dc00000, 0x000000070dc00000, 0x000000070de00000|  0%| F|  |TAMS 0x000000070dc00000| PB 0x000000070dc00000| Untracked 
|  93|0x000000070de00000, 0x000000070de00000, 0x000000070e000000|  0%| F|  |TAMS 0x000000070de00000| PB 0x000000070de00000| Untracked 
|  94|0x000000070e000000, 0x000000070e000000, 0x000000070e200000|  0%| F|  |TAMS 0x000000070e000000| PB 0x000000070e000000| Untracked 
|  95|0x000000070e200000, 0x000000070e200000, 0x000000070e400000|  0%| F|  |TAMS 0x000000070e200000| PB 0x000000070e200000| Untracked 
|  96|0x000000070e400000, 0x000000070e400000, 0x000000070e600000|  0%| F|  |TAMS 0x000000070e400000| PB 0x000000070e400000| Untracked 
|  97|0x000000070e600000, 0x000000070e600000, 0x000000070e800000|  0%| F|  |TAMS 0x000000070e600000| PB 0x000000070e600000| Untracked 
|  98|0x000000070e800000, 0x000000070e800000, 0x000000070ea00000|  0%| F|  |TAMS 0x000000070e800000| PB 0x000000070e800000| Untracked 
|  99|0x000000070ea00000, 0x000000070ea00000, 0x000000070ec00000|  0%| F|  |TAMS 0x000000070ea00000| PB 0x000000070ea00000| Untracked 
| 100|0x000000070ec00000, 0x000000070ec00000, 0x000000070ee00000|  0%| F|  |TAMS 0x000000070ec00000| PB 0x000000070ec00000| Untracked 
| 101|0x000000070ee00000, 0x000000070ee00000, 0x000000070f000000|  0%| F|  |TAMS 0x000000070ee00000| PB 0x000000070ee00000| Untracked 
| 102|0x000000070f000000, 0x000000070f000000, 0x000000070f200000|  0%| F|  |TAMS 0x000000070f000000| PB 0x000000070f000000| Untracked 
| 103|0x000000070f200000, 0x000000070f200000, 0x000000070f400000|  0%| F|  |TAMS 0x000000070f200000| PB 0x000000070f200000| Untracked 
| 104|0x000000070f400000, 0x000000070f400000, 0x000000070f600000|  0%| F|  |TAMS 0x000000070f400000| PB 0x000000070f400000| Untracked 
| 105|0x000000070f600000, 0x000000070f600000, 0x000000070f800000|  0%| F|  |TAMS 0x000000070f600000| PB 0x000000070f600000| Untracked 
| 106|0x000000070f800000, 0x000000070f800000, 0x000000070fa00000|  0%| F|  |TAMS 0x000000070f800000| PB 0x000000070f800000| Untracked 
| 107|0x000000070fa00000, 0x000000070fa00000, 0x000000070fc00000|  0%| F|  |TAMS 0x000000070fa00000| PB 0x000000070fa00000| Untracked 
| 108|0x000000070fc00000, 0x000000070fc00000, 0x000000070fe00000|  0%| F|  |TAMS 0x000000070fc00000| PB 0x000000070fc00000| Untracked 
| 109|0x000000070fe00000, 0x000000070fe00000, 0x0000000710000000|  0%| F|  |TAMS 0x000000070fe00000| PB 0x000000070fe00000| Untracked 
| 110|0x0000000710000000, 0x0000000710000000, 0x0000000710200000|  0%| F|  |TAMS 0x0000000710000000| PB 0x0000000710000000| Untracked 
| 111|0x0000000710200000, 0x0000000710200000, 0x0000000710400000|  0%| F|  |TAMS 0x0000000710200000| PB 0x0000000710200000| Untracked 
| 112|0x0000000710400000, 0x0000000710400000, 0x0000000710600000|  0%| F|  |TAMS 0x0000000710400000| PB 0x0000000710400000| Untracked 
| 113|0x0000000710600000, 0x0000000710600000, 0x0000000710800000|  0%| F|  |TAMS 0x0000000710600000| PB 0x0000000710600000| Untracked 
| 114|0x0000000710800000, 0x0000000710800000, 0x0000000710a00000|  0%| F|  |TAMS 0x0000000710800000| PB 0x0000000710800000| Untracked 
| 115|0x0000000710a00000, 0x0000000710a00000, 0x0000000710c00000|  0%| F|  |TAMS 0x0000000710a00000| PB 0x0000000710a00000| Untracked 
| 116|0x0000000710c00000, 0x0000000710dcc7f0, 0x0000000710e00000| 89%| E|  |TAMS 0x0000000710c00000| PB 0x0000000710c00000| Complete 
| 117|0x0000000710e00000, 0x0000000711000000, 0x0000000711000000|100%| E|CS|TAMS 0x0000000710e00000| PB 0x0000000710e00000| Complete 
| 118|0x0000000711000000, 0x0000000711200000, 0x0000000711200000|100%| E|CS|TAMS 0x0000000711000000| PB 0x0000000711000000| Complete 
| 119|0x0000000711200000, 0x0000000711400000, 0x0000000711400000|100%| E|CS|TAMS 0x0000000711200000| PB 0x0000000711200000| Complete 
| 120|0x0000000711400000, 0x0000000711600000, 0x0000000711600000|100%| E|CS|TAMS 0x0000000711400000| PB 0x0000000711400000| Complete 
| 121|0x0000000711600000, 0x0000000711800000, 0x0000000711800000|100%| E|CS|TAMS 0x0000000711600000| PB 0x0000000711600000| Complete 
| 122|0x0000000711800000, 0x0000000711a00000, 0x0000000711a00000|100%| E|CS|TAMS 0x0000000711800000| PB 0x0000000711800000| Complete 
| 123|0x0000000711a00000, 0x0000000711c00000, 0x0000000711c00000|100%| E|CS|TAMS 0x0000000711a00000| PB 0x0000000711a00000| Complete 
| 124|0x0000000711c00000, 0x0000000711e00000, 0x0000000711e00000|100%| E|CS|TAMS 0x0000000711c00000| PB 0x0000000711c00000| Complete 
| 125|0x0000000711e00000, 0x0000000712000000, 0x0000000712000000|100%| E|CS|TAMS 0x0000000711e00000| PB 0x0000000711e00000| Complete 
| 126|0x0000000712000000, 0x0000000712200000, 0x0000000712200000|100%| E|CS|TAMS 0x0000000712000000| PB 0x0000000712000000| Complete 

Card table byte_map: [0x0000025825330000,0x0000025825b20000] _byte_map_base: 0x0000025821b1e000

Marking Bits: (CMBitMap*) 0x000002581120fe10
 Bits: [0x0000025825b20000, 0x0000025829a90000)

Polling page: 0x000002580ed80000

Metaspace:

Usage:
  Non-class:     11.12 MB used.
      Class:    778.10 KB used.
       Both:     11.88 MB used.

Virtual space:
  Non-class space:       64.00 MB reserved,      11.25 MB ( 18%) committed,  1 nodes.
      Class space:        1.00 GB reserved,     896.00 KB ( <1%) committed,  1 nodes.
             Both:        1.06 GB reserved,      12.12 MB (  1%) committed. 

Chunk freelists:
   Non-Class:  4.42 MB
       Class:  15.14 MB
        Both:  19.56 MB

MaxMetaspaceSize: unlimited
CompressedClassSpaceSize: 1.00 GB
Initial GC threshold: 21.00 MB
Current GC threshold: 21.00 MB
CDS: on
 - commit_granule_bytes: 65536.
 - commit_granule_words: 8192.
 - virtual_space_node_default_size: 8388608.
 - enlarge_chunks_in_place: 1.
 - use_allocation_guard: 0.


Internal statistics:

num_allocs_failed_limit: 0.
num_arena_births: 230.
num_arena_deaths: 0.
num_vsnodes_births: 2.
num_vsnodes_deaths: 0.
num_space_committed: 192.
num_space_uncommitted: 0.
num_chunks_returned_to_freelist: 0.
num_chunks_taken_from_freelist: 504.
num_chunk_merges: 0.
num_chunk_splits: 352.
num_chunks_enlarged: 242.
num_inconsistent_stats: 0.

CodeHeap 'non-profiled nmethods': size=120000Kb used=421Kb max_used=421Kb free=119579Kb
 bounds [0x000002581d0c0000, 0x000002581d330000, 0x00000258245f0000]
CodeHeap 'profiled nmethods': size=120000Kb used=2002Kb max_used=2002Kb free=117997Kb
 bounds [0x00000258155f0000, 0x0000025815860000, 0x000002581cb20000]
CodeHeap 'non-nmethods': size=5760Kb used=3012Kb max_used=3028Kb free=2747Kb
 bounds [0x000002581cb20000, 0x000002581ce20000, 0x000002581d0c0000]
 total_blobs=2697 nmethods=1235 adapters=1367
 compilation: enabled
              stopped_count=0, restarted_count=0
 full_count=0

Compilation events (20 events):
Event: 0.904 Thread 0x000002582c702bc0 nmethod 1223 0x00000258157dc490 code [0x00000258157dc640, 0x00000258157dc838]
Event: 0.904 Thread 0x000002582c702bc0 1224       3       java.lang.reflect.ReflectAccess::copyField (5 bytes)
Event: 0.904 Thread 0x000002582c702bc0 nmethod 1224 0x00000258157dc990 code [0x00000258157dcb40, 0x00000258157dcc80]
Event: 0.908 Thread 0x000002582c702bc0 1226       3       java.util.zip.ZipFile::getZipEntry (322 bytes)
Event: 0.909 Thread 0x000002582c702bc0 nmethod 1226 0x00000258157dcd90 code [0x00000258157dd300, 0x00000258157e0360]
Event: 0.909 Thread 0x000002582c702bc0 1227       3       java.security.CodeSource::<init> (52 bytes)
Event: 0.909 Thread 0x000002582c702bc0 nmethod 1227 0x00000258157e1610 code [0x00000258157e1800, 0x00000258157e1d38]
Event: 0.909 Thread 0x000002582c702bc0 1228       3       java.security.SecureClassLoader::getProtectionDomain (37 bytes)
Event: 0.910 Thread 0x000002582c702bc0 nmethod 1228 0x00000258157e1e90 code [0x00000258157e2080, 0x00000258157e2710]
Event: 0.911 Thread 0x00000258790542a0 1229       4       java.lang.AbstractStringBuilder::append (45 bytes)
Event: 0.911 Thread 0x000002582c702130 1230       4       sun.net.www.ParseUtil::firstEncodeIndex (86 bytes)
Event: 0.912 Thread 0x000002582c702bc0 1231       3       jdk.internal.loader.ClassLoaders$AppClassLoader::defineOrCheckPackage (8 bytes)
Event: 0.912 Thread 0x000002582c702bc0 nmethod 1231 0x00000258157e2910 code [0x00000258157e2ac0, 0x00000258157e2c00]
Event: 0.912 Thread 0x000002582c702bc0 1233       3       java.util.jar.Attributes::getValue (9 bytes)
Event: 0.912 Thread 0x000002582c702bc0 nmethod 1233 0x00000258157e2c90 code [0x00000258157e2e60, 0x00000258157e3188]
Event: 0.912 Thread 0x000002582c702bc0 1234       3       java.util.jar.Attributes::get (11 bytes)
Event: 0.912 Thread 0x000002582c702bc0 nmethod 1234 0x00000258157e3290 code [0x00000258157e3440, 0x00000258157e3620]
Event: 0.912 Thread 0x000002582c702bc0 1232   !   3       jdk.internal.loader.BuiltinClassLoader::defineOrCheckPackage (94 bytes)
Event: 0.912 Thread 0x000002582c702bc0 nmethod 1232 0x00000258157e3710 code [0x00000258157e3980, 0x00000258157e4250]
Event: 0.913 Thread 0x000002582c702bc0 1235       3       java.util.ImmutableCollections$Set12::contains (28 bytes)

GC Heap History (0 events):
No events

Dll operation events (4 events):
Event: 0.004 Loaded shared library C:\Users\siegf\.gradle\jdks\jetbrains_s_r_o_-21-amd64-windows.2\bin\java.dll
Event: 0.028 Loaded shared library C:\Users\siegf\.gradle\jdks\jetbrains_s_r_o_-21-amd64-windows.2\bin\jsvml.dll
Event: 0.057 Loaded shared library C:\Users\siegf\.gradle\jdks\jetbrains_s_r_o_-21-amd64-windows.2\bin\zip.dll
Event: 0.082 Loaded shared library C:\Users\siegf\.gradle\jdks\jetbrains_s_r_o_-21-amd64-windows.2\bin\verify.dll

Deoptimization events (20 events):
Event: 0.680 Thread 0x000002582c975d70 DEOPT PACKING pc=0x000002581d0cb18c sp=0x0000007e96cfec40
Event: 0.680 Thread 0x000002582c975d70 DEOPT UNPACKING pc=0x000002581cb77da2 sp=0x0000007e96cfebd0 mode 2
Event: 0.680 Thread 0x000002582c975d70 Uncommon trap: trap_request=0xffffff45 fr.pc=0x000002581d0e68b8 relative=0x0000000000000118
Event: 0.680 Thread 0x000002582c975d70 Uncommon trap: reason=unstable_if action=reinterpret pc=0x000002581d0e68b8 method=java.lang.String.getBytes([BIB)V @ 5 c2
Event: 0.680 Thread 0x000002582c975d70 DEOPT PACKING pc=0x000002581d0e68b8 sp=0x0000007e96cfecc0
Event: 0.680 Thread 0x000002582c975d70 DEOPT UNPACKING pc=0x000002581cb77da2 sp=0x0000007e96cfec88 mode 2
Event: 0.683 Thread 0x000002582c975d70 Uncommon trap: trap_request=0xffffff45 fr.pc=0x000002581d109d38 relative=0x0000000000000678
Event: 0.683 Thread 0x000002582c975d70 Uncommon trap: reason=unstable_if action=reinterpret pc=0x000002581d109d38 method=java.util.regex.Matcher.search(I)Z @ 30 c2
Event: 0.683 Thread 0x000002582c975d70 DEOPT PACKING pc=0x000002581d109d38 sp=0x0000007e96cfee30
Event: 0.683 Thread 0x000002582c975d70 DEOPT UNPACKING pc=0x000002581cb77da2 sp=0x0000007e96cfee20 mode 2
Event: 0.702 Thread 0x000002582c975d70 DEOPT PACKING pc=0x000002581564ddf9 sp=0x0000007e96cfe1e0
Event: 0.702 Thread 0x000002582c975d70 DEOPT UNPACKING pc=0x000002581cb788e2 sp=0x0000007e96cfd650 mode 0
Event: 0.757 Thread 0x000002582c975d70 Uncommon trap: trap_request=0xffffff45 fr.pc=0x000002581d0e7d90 relative=0x00000000000001b0
Event: 0.757 Thread 0x000002582c975d70 Uncommon trap: reason=unstable_if action=reinterpret pc=0x000002581d0e7d90 method=java.lang.invoke.VarHandle.checkAccessModeThenIsDirect(Ljava/lang/invoke/VarHandle$AccessDescriptor;)Z @ 4 c2
Event: 0.757 Thread 0x000002582c975d70 DEOPT PACKING pc=0x000002581d0e7d90 sp=0x0000007e96cfed00
Event: 0.757 Thread 0x000002582c975d70 DEOPT UNPACKING pc=0x000002581cb77da2 sp=0x0000007e96cfec38 mode 2
Event: 0.786 Thread 0x000002582c975d70 Uncommon trap: trap_request=0xffffff45 fr.pc=0x000002581d116804 relative=0x0000000000000624
Event: 0.786 Thread 0x000002582c975d70 Uncommon trap: reason=unstable_if action=reinterpret pc=0x000002581d116804 method=jdk.internal.util.Preconditions.checkFromToIndex(IIILjava/util/function/BiFunction;)I @ 6 c2
Event: 0.786 Thread 0x000002582c975d70 DEOPT PACKING pc=0x000002581d116804 sp=0x0000007e96cfc850
Event: 0.786 Thread 0x000002582c975d70 DEOPT UNPACKING pc=0x000002581cb77da2 sp=0x0000007e96cfc730 mode 2

Classes loaded (20 events):
Event: 0.809 Loading class java/lang/invoke/MethodHandleImpl$Makers
Event: 0.809 Loading class java/lang/invoke/MethodHandleImpl$Makers done
Event: 0.809 Loading class java/lang/invoke/MethodHandleImpl$Makers$1
Event: 0.809 Loading class java/lang/invoke/MethodHandleImpl$Makers$1 done
Event: 0.809 Loading class java/lang/invoke/MethodHandleImpl$Makers$2
Event: 0.809 Loading class java/lang/invoke/MethodHandleImpl$Makers$2 done
Event: 0.809 Loading class java/lang/invoke/MethodHandleImpl$Makers$3
Event: 0.809 Loading class java/lang/invoke/MethodHandleImpl$Makers$3 done
Event: 0.811 Loading class java/lang/runtime/ObjectMethods$1
Event: 0.811 Loading class java/lang/runtime/ObjectMethods$1 done
Event: 0.813 Loading class java/lang/invoke/DirectMethodHandle$1
Event: 0.813 Loading class java/lang/invoke/DirectMethodHandle$1 done
Event: 0.842 Loading class java/util/WeakHashMap$Values
Event: 0.842 Loading class java/util/WeakHashMap$Values done
Event: 0.842 Loading class java/util/WeakHashMap$ValueIterator
Event: 0.842 Loading class java/util/WeakHashMap$HashIterator
Event: 0.842 Loading class java/util/WeakHashMap$HashIterator done
Event: 0.842 Loading class java/util/WeakHashMap$ValueIterator done
Event: 0.861 Loading class java/nio/HeapFloatBuffer
Event: 0.861 Loading class java/nio/HeapFloatBuffer done

Classes unloaded (0 events):
No events

Classes redefined (0 events):
No events

Internal exceptions (20 events):
Event: 0.423 Thread 0x000002582c975d70 Exception <a 'sun/nio/fs/WindowsException'{0x0000000711856620}> (0x0000000711856620) 
thrown [s\src\hotspot\share\prims\jni.cpp, line 535]
Event: 0.423 Thread 0x000002582c975d70 Exception <a 'sun/nio/fs/WindowsException'{0x00000007118568f0}> (0x00000007118568f0) 
thrown [s\src\hotspot\share\prims\jni.cpp, line 535]
Event: 0.605 Thread 0x000002582c975d70 Exception <a 'sun/nio/fs/WindowsException'{0x00000007119ded98}> (0x00000007119ded98) 
thrown [s\src\hotspot\share\prims\jni.cpp, line 535]
Event: 0.709 Thread 0x000002582c975d70 Exception <a 'java/lang/ClassNotFoundException'{0x00000007112f5ab0}: sun/awt/resources/spi/awtProvider> (0x00000007112f5ab0) 
thrown [s\src\hotspot\share\classfile\systemDictionary.cpp, line 312]
Event: 0.713 Thread 0x000002582c975d70 Exception <a 'java/io/FileNotFoundException'{0x0000000711307340}> (0x0000000711307340) 
thrown [s\src\hotspot\share\prims\jni.cpp, line 535]
Event: 0.717 Thread 0x000002582c975d70 Exception <a 'java/io/FileNotFoundException'{0x0000000711331b68}> (0x0000000711331b68) 
thrown [s\src\hotspot\share\prims\jni.cpp, line 535]
Event: 0.731 Thread 0x000002582c975d70 Exception <a 'java/lang/NoSuchMethodError'{0x000000071136d998}: 'java.lang.Object java.lang.invoke.DirectMethodHandle$Holder.invokeStaticInit(java.lang.Object, int, int, int, int)'> (0x000000071136d998) 
thrown [s\src\hotspot\share\interpreter\linkResolver.cpp, line 784]
Event: 0.749 Thread 0x000002582c975d70 Exception <a 'java/lang/NoSuchMethodError'{0x0000000711034748}: 'java.lang.Object java.lang.invoke.DirectMethodHandle$Holder.invokeStaticInit(java.lang.Object, java.lang.Object, int, int, int, int)'> (0x0000000711034748) 
thrown [s\src\hotspot\share\interpreter\linkResolver.cpp, line 784]
Event: 0.808 Thread 0x000002582c975d70 Exception <a 'java/lang/NoSuchMethodError'{0x00000007111f0c90}: 'java.lang.Object java.lang.invoke.DirectMethodHandle$Holder.invokeStaticInit(java.lang.Object, java.lang.Object, java.lang.Object, java.lang.Object, java.lang.Object, java.lang.Object, java.lang.Object)'> (0x00000007111f0c90) 
thrown [s\src\hotspot\share\interpreter\linkResolver.cpp, line 784]
Event: 0.808 Thread 0x000002582c975d70 Exception <a 'java/lang/NoSuchMethodError'{0x00000007111f9f28}: 'java.lang.Object java.lang.invoke.Invokers$Holder.invoke_MT(java.lang.Object, java.lang.Object, java.lang.Object, java.lang.Object, java.lang.Object, java.lang.Object, java.lang.Object, java.lang.Object, java.lang.Object, java.lang.Object)'> (0x00000007111f9f28) 
thrown [s\src\hotspot\share\interpreter\linkResolver.cpp, line 784]
Event: 0.811 Thread 0x000002582c975d70 Exception <a 'java/lang/NoSuchMethodError'{0x0000000710e1a9d0}: 'int java.lang.invoke.DirectMethodHandle$Holder.invokeVirtual(java.lang.Object, java.lang.Object, java.lang.Object)'> (0x0000000710e1a9d0) 
thrown [s\src\hotspot\share\interpreter\linkResolver.cpp, line 784]
Event: 0.811 Thread 0x000002582c975d70 Exception <a 'java/lang/NoSuchMethodError'{0x0000000710e1e090}: 'int java.lang.invoke.DirectMethodHandle$Holder.invokeVirtual(java.lang.Object, java.lang.Object)'> (0x0000000710e1e090) 
thrown [s\src\hotspot\share\interpreter\linkResolver.cpp, line 784]
Event: 0.811 Thread 0x000002582c975d70 Exception <a 'java/lang/NoSuchMethodError'{0x0000000710e228b8}: 'int java.lang.invoke.DirectMethodHandle$Holder.invokeStaticInit(java.lang.Object, java.lang.Object, java.lang.Object)'> (0x0000000710e228b8) 
thrown [s\src\hotspot\share\interpreter\linkResolver.cpp, line 784]
Event: 0.811 Thread 0x000002582c975d70 Exception <a 'java/lang/NoSuchMethodError'{0x0000000710e25f20}: 'int java.lang.invoke.DirectMethodHandle$Holder.invokeStaticInit(java.lang.Object, int, int)'> (0x0000000710e25f20) 
thrown [s\src\hotspot\share\interpreter\linkResolver.cpp, line 784]
Event: 0.812 Thread 0x000002582c975d70 Exception <a 'java/lang/NoSuchMethodError'{0x0000000710e2d418}: 'int java.lang.invoke.DirectMethodHandle$Holder.invokeStaticInit(java.lang.Object, long, long)'> (0x0000000710e2d418) 
thrown [s\src\hotspot\share\interpreter\linkResolver.cpp, line 784]
Event: 0.812 Thread 0x000002582c975d70 Exception <a 'java/lang/NoSuchMethodError'{0x0000000710e33eb0}: 'int java.lang.invoke.DirectMethodHandle$Holder.invokeStaticInit(java.lang.Object, float, float)'> (0x0000000710e33eb0) 
thrown [s\src\hotspot\share\interpreter\linkResolver.cpp, line 784]
Event: 0.813 Thread 0x000002582c975d70 Exception <a 'java/lang/NoSuchMethodError'{0x0000000710e3a940}: 'int java.lang.invoke.DirectMethodHandle$Holder.invokeStaticInit(java.lang.Object, double, double)'> (0x0000000710e3a940) 
thrown [s\src\hotspot\share\interpreter\linkResolver.cpp, line 784]
Event: 0.813 Thread 0x000002582c975d70 Exception <a 'java/lang/NoSuchMethodError'{0x0000000710e3ee00}: 'int java.lang.invoke.DirectMethodHandle$Holder.invokeStatic(java.lang.Object, long)'> (0x0000000710e3ee00) 
thrown [s\src\hotspot\share\interpreter\linkResolver.cpp, line 784]
Event: 0.815 Thread 0x000002582c975d70 Exception <a 'java/lang/NoSuchMethodError'{0x0000000710e61060}: 'int java.lang.invoke.Invokers$Holder.linkToTargetMethod(java.lang.Object, java.lang.Object)'> (0x0000000710e61060) 
thrown [s\src\hotspot\share\interpreter\linkResolver.cpp, line 784]
Event: 0.913 Thread 0x000002582c975d70 Implicit null exception at 0x000002581d0f79dd to 0x0000000000000000

ZGC Phase Switch (0 events):
No events

VM Operations (10 events):
Event: 0.068 Executing VM operation: HandshakeAllThreads (Deoptimize)
Event: 0.068 Executing VM operation: HandshakeAllThreads (Deoptimize) done
Event: 0.137 Executing VM operation: HandshakeAllThreads (Deoptimize)
Event: 0.138 Executing VM operation: HandshakeAllThreads (Deoptimize) done
Event: 0.704 Executing VM operation: HandshakeAllThreads (Deoptimize)
Event: 0.704 Executing VM operation: HandshakeAllThreads (Deoptimize) done
Event: 0.707 Executing VM operation: HandshakeAllThreads (Deoptimize)
Event: 0.707 Executing VM operation: HandshakeAllThreads (Deoptimize) done
Event: 0.792 Executing VM operation: HandshakeAllThreads (Deoptimize)
Event: 0.792 Executing VM operation: HandshakeAllThreads (Deoptimize) done

Memory protections (0 events):
No events

Nmethod flushes (0 events):
No events

Events (20 events):
Event: 0.027 Thread 0x000002580edc8630 Thread added: 0x000002582c702bc0
Event: 0.056 Thread 0x000002580edc8630 Thread added: 0x000002582c976a90
Event: 0.059 Thread 0x000002580edc8630 Thread added: 0x000002582c976400
Event: 0.063 Loaded shared library C:\Users\siegf\.gradle\jdks\jetbrains_s_r_o_-21-amd64-windows.2\bin\net.dll
Event: 0.064 Loaded shared library C:\Users\siegf\.gradle\jdks\jetbrains_s_r_o_-21-amd64-windows.2\bin\nio.dll
Event: 0.066 Loaded shared library C:\Users\siegf\.gradle\jdks\jetbrains_s_r_o_-21-amd64-windows.2\bin\zip.dll
Event: 0.081 Thread 0x000002582c702bc0 Thread added: 0x000002582ca628b0
Event: 0.086 Loaded shared library C:\Users\siegf\.gradle\jdks\jetbrains_s_r_o_-21-amd64-windows.2\bin\jimage.dll
Event: 0.105 Thread 0x000002580edc8630 Thread added: 0x000002582c9756e0
Event: 0.106 Thread 0x000002580edc8630 Thread added: 0x000002582c975d70
Event: 0.107 Thread 0x000002580edc8630 Thread exited: 0x000002580edc8630
Event: 0.107 Thread 0x000002587208fcb0 Thread added: 0x000002587208fcb0
Event: 0.143 Loaded shared library C:\Users\siegf\AppData\Local\Temp\lwjgl_siegf\3.3.6+1\x64\lwjgl.dll
Event: 0.388 Thread 0x000002582ca628b0 Thread exited: 0x000002582ca628b0
Event: 0.420 Loaded shared library C:\Users\siegf\AppData\Local\Temp\lwjgl_siegf\3.3.6+1\x64\lwjgl_opengl.dll
Event: 0.606 Loaded shared library C:\Users\siegf\AppData\Local\Temp\imgui-java-natives\1.89.0\imgui-java64.dll
Event: 0.712 Loaded shared library C:\Users\siegf\.gradle\jdks\jetbrains_s_r_o_-21-amd64-windows.2\bin\awt.dll
Event: 0.753 Thread 0x000002582c975d70 Thread added: 0x00000258720909d0
Event: 0.833 Thread 0x000002582c702130 Thread added: 0x00000258790542a0
Event: 0.833 Thread 0x000002582c702130 Thread added: 0x0000025879055150


Dynamic libraries:
0x00007ff74a370000 - 0x00007ff74a37a000 	C:\Users\siegf\.gradle\jdks\jetbrains_s_r_o_-21-amd64-windows.2\bin\java.exe
0x00007ffae2cd0000 - 0x00007ffae2ec8000 	C:\Windows\SYSTEM32\ntdll.dll
0x00007ffae2a90000 - 0x00007ffae2b52000 	C:\Windows\System32\KERNEL32.DLL
0x00007ffae0390000 - 0x00007ffae0686000 	C:\Windows\System32\KERNELBASE.dll
0x00007ffae0870000 - 0x00007ffae0970000 	C:\Windows\System32\ucrtbase.dll
0x00007ffacebf0000 - 0x00007ffacec08000 	C:\Users\siegf\.gradle\jdks\jetbrains_s_r_o_-21-amd64-windows.2\bin\jli.dll
0x00007fface070000 - 0x00007fface08b000 	C:\Users\siegf\.gradle\jdks\jetbrains_s_r_o_-21-amd64-windows.2\bin\VCRUNTIME140.dll
0x00007ffae2150000 - 0x00007ffae22ed000 	C:\Windows\System32\USER32.dll
0x00007ffae0a40000 - 0x00007ffae0a62000 	C:\Windows\System32\win32u.dll
0x00007ffac18e0000 - 0x00007ffac1b7a000 	C:\Windows\WinSxS\amd64_microsoft.windows.common-controls_6595b64144ccf1df_6.0.19041.5915_none_60b4b9d171f9c7c7\COMCTL32.dll
0x00007ffae2a60000 - 0x00007ffae2a8b000 	C:\Windows\System32\GDI32.dll
0x00007ffae0d80000 - 0x00007ffae0e1e000 	C:\Windows\System32\msvcrt.dll
0x00007ffae0bd0000 - 0x00007ffae0ce9000 	C:\Windows\System32\gdi32full.dll
0x00007ffae0690000 - 0x00007ffae072d000 	C:\Windows\System32\msvcp_win.dll
0x00007ffae1ca0000 - 0x00007ffae1ccf000 	C:\Windows\System32\IMM32.DLL
0x00007ffad3760000 - 0x00007ffad376c000 	C:\Users\siegf\.gradle\jdks\jetbrains_s_r_o_-21-amd64-windows.2\bin\vcruntime140_1.dll
0x00007ffaadad0000 - 0x00007ffaadb5d000 	C:\Users\siegf\.gradle\jdks\jetbrains_s_r_o_-21-amd64-windows.2\bin\msvcp140.dll
0x00007ffa42c00000 - 0x00007ffa439c1000 	C:\Users\siegf\.gradle\jdks\jetbrains_s_r_o_-21-amd64-windows.2\bin\server\jvm.dll
0x00007ffae2660000 - 0x00007ffae2711000 	C:\Windows\System32\ADVAPI32.dll
0x00007ffae22f0000 - 0x00007ffae238f000 	C:\Windows\System32\sechost.dll
0x00007ffae23a0000 - 0x00007ffae24c3000 	C:\Windows\System32\RPCRT4.dll
0x00007ffae0360000 - 0x00007ffae0387000 	C:\Windows\System32\bcrypt.dll
0x00007ffae2580000 - 0x00007ffae25eb000 	C:\Windows\System32\WS2_32.dll
0x00007ffadf8c0000 - 0x00007ffadf90b000 	C:\Windows\SYSTEM32\POWRPROF.dll
0x00007ffad3540000 - 0x00007ffad3567000 	C:\Windows\SYSTEM32\WINMM.dll
0x00007ffada560000 - 0x00007ffada56a000 	C:\Windows\SYSTEM32\VERSION.dll
0x00007ffadf720000 - 0x00007ffadf732000 	C:\Windows\SYSTEM32\UMPDC.dll
0x00007ffade1a0000 - 0x00007ffade1b2000 	C:\Windows\SYSTEM32\kernel.appcore.dll
0x00007ffad3610000 - 0x00007ffad361a000 	C:\Users\siegf\.gradle\jdks\jetbrains_s_r_o_-21-amd64-windows.2\bin\jimage.dll
0x00007ffad9b70000 - 0x00007ffad9d71000 	C:\Windows\SYSTEM32\DBGHELP.DLL
0x00007ffad9ab0000 - 0x00007ffad9ae4000 	C:\Windows\SYSTEM32\dbgcore.DLL
0x00007ffae07e0000 - 0x00007ffae0862000 	C:\Windows\System32\bcryptPrimitives.dll
0x00007ffabcb60000 - 0x00007ffabcb80000 	C:\Users\siegf\.gradle\jdks\jetbrains_s_r_o_-21-amd64-windows.2\bin\java.dll
0x00007ffae0e20000 - 0x00007ffae158e000 	C:\Windows\System32\SHELL32.dll
0x00007ffade3a0000 - 0x00007ffadeb44000 	C:\Windows\SYSTEM32\windows.storage.dll
0x00007ffae1590000 - 0x00007ffae18e3000 	C:\Windows\System32\combase.dll
0x00007ffadfd90000 - 0x00007ffadfdbb000 	C:\Windows\SYSTEM32\Wldp.dll
0x00007ffae2bc0000 - 0x00007ffae2c8d000 	C:\Windows\System32\OLEAUT32.dll
0x00007ffae24d0000 - 0x00007ffae257d000 	C:\Windows\System32\SHCORE.dll
0x00007ffae25f0000 - 0x00007ffae264b000 	C:\Windows\System32\shlwapi.dll
0x00007ffae0290000 - 0x00007ffae02b4000 	C:\Windows\SYSTEM32\profapi.dll
0x00007ffaa2ac0000 - 0x00007ffaa2b97000 	C:\Users\siegf\.gradle\jdks\jetbrains_s_r_o_-21-amd64-windows.2\bin\jsvml.dll
0x00007ffab35f0000 - 0x00007ffab3608000 	C:\Users\siegf\.gradle\jdks\jetbrains_s_r_o_-21-amd64-windows.2\bin\zip.dll
0x00007ffad07a0000 - 0x00007ffad07b0000 	C:\Users\siegf\.gradle\jdks\jetbrains_s_r_o_-21-amd64-windows.2\bin\net.dll
0x00007ffada580000 - 0x00007ffada68a000 	C:\Windows\SYSTEM32\WINHTTP.dll
0x00007ffadfaa0000 - 0x00007ffadfb0a000 	C:\Windows\system32\mswsock.dll
0x00007ffab0470000 - 0x00007ffab0486000 	C:\Users\siegf\.gradle\jdks\jetbrains_s_r_o_-21-amd64-windows.2\bin\nio.dll
0x00007ffabda50000 - 0x00007ffabda60000 	C:\Users\siegf\.gradle\jdks\jetbrains_s_r_o_-21-amd64-windows.2\bin\verify.dll
0x00007ffaae4c0000 - 0x00007ffaae53e000 	C:\Users\siegf\AppData\Local\Temp\lwjgl_siegf\3.3.6+1\x64\lwjgl.dll
0x00007ffaa8400000 - 0x00007ffaa8489000 	C:\Users\siegf\AppData\Local\Temp\lwjgl_siegf\3.3.6+1\x64\glfw.dll
0x00007ffabe200000 - 0x00007ffabe245000 	C:\Windows\SYSTEM32\dinput8.dll
0x00007ffad67b0000 - 0x00007ffad67c1000 	C:\Windows\SYSTEM32\xinput1_4.dll
0x00007ffae09f0000 - 0x00007ffae0a3e000 	C:\Windows\System32\cfgmgr32.dll
0x00007ffae00f0000 - 0x00007ffae0123000 	C:\Windows\SYSTEM32\DEVOBJ.dll
0x00007ffade090000 - 0x00007ffade0bf000 	C:\Windows\SYSTEM32\dwmapi.dll
0x00007fface4a0000 - 0x00007fface5f2000 	C:\Windows\SYSTEM32\inputhost.dll
0x00007ffadc480000 - 0x00007ffadc572000 	C:\Windows\SYSTEM32\CoreMessaging.dll
0x00007ffadaab0000 - 0x00007ffadac07000 	C:\Windows\SYSTEM32\wintypes.dll
0x00007ffadc310000 - 0x00007ffadc404000 	C:\Windows\SYSTEM32\PROPSYS.dll
0x00007ffadaca0000 - 0x00007ffadaffb000 	C:\Windows\SYSTEM32\CoreUIComponents.dll
0x00007ffadf5b0000 - 0x00007ffadf5e3000 	C:\Windows\SYSTEM32\ntmarta.dll
0x00007ffaddc10000 - 0x00007ffaddcae000 	C:\Windows\system32\uxtheme.dll
0x00007ffae1950000 - 0x00007ffae1a65000 	C:\Windows\System32\MSCTF.dll
0x00007ffa4ce40000 - 0x00007ffa4cf68000 	C:\Windows\SYSTEM32\opengl32.dll
0x00007ffa4ded0000 - 0x00007ffa4defc000 	C:\Windows\SYSTEM32\GLU32.dll
0x00007ffae29b0000 - 0x00007ffae2a59000 	C:\Windows\System32\clbcatq.dll
0x00007ffa3dfa0000 - 0x00007ffa40836000 	C:\Windows\System32\DriverStore\FileRepository\nvaei.inf_amd64_8e5c4611713b8592\nvoglv64.dll
0x00007ffae1ce0000 - 0x00007ffae2150000 	C:\Windows\System32\SETUPAPI.dll
0x00007ffae2720000 - 0x00007ffae284b000 	C:\Windows\System32\ole32.dll
0x00007ffadc850000 - 0x00007ffadc864000 	C:\Windows\SYSTEM32\WTSAPI32.dll
0x00007ffadff20000 - 0x00007ffadff32000 	C:\Windows\SYSTEM32\msasn1.dll
0x00007ffada4e0000 - 0x00007ffada511000 	C:\Windows\SYSTEM32\cryptnet.dll
0x00007ffae0a70000 - 0x00007ffae0bcd000 	C:\Windows\System32\CRYPT32.dll
0x00007ffadfc50000 - 0x00007ffadfc5c000 	C:\Windows\SYSTEM32\cryptbase.dll
0x00007ffada320000 - 0x00007ffada467000 	C:\Windows\SYSTEM32\drvstore.dll
0x00007ffae0970000 - 0x00007ffae09e3000 	C:\Windows\System32\WINTRUST.dll
0x00007ffae2850000 - 0x00007ffae286d000 	C:\Windows\System32\imagehlp.dll
0x00007ffadfc60000 - 0x00007ffadfc78000 	C:\Windows\SYSTEM32\CRYPTSP.dll
0x00007ffadf360000 - 0x00007ffadf398000 	C:\Windows\system32\rsaenh.dll
0x00007ff9cf0a0000 - 0x00007ff9d2b53000 	C:\Windows\System32\DriverStore\FileRepository\nvaei.inf_amd64_8e5c4611713b8592\nvgpucomp64.dll
0x00007ffadc870000 - 0x00007ffadc8ab000 	C:\Windows\SYSTEM32\dxcore.dll
0x00007ffa82df0000 - 0x00007ffa83104000 	C:\Windows\system32\nvspcap64.dll
0x00007ffadf000000 - 0x00007ffadf05b000 	C:\Windows\SYSTEM32\WINSTA.dll
0x00007fface600000 - 0x00007fface6f9000 	C:\Windows\SYSTEM32\textinputframework.dll
0x00007ffab2110000 - 0x00007ffab2176000 	C:\Windows\system32\Oleacc.dll
0x00007ffaae0c0000 - 0x00007ffaae11d000 	C:\Users\siegf\AppData\Local\Temp\lwjgl_siegf\3.3.6+1\x64\lwjgl_opengl.dll
0x00007ffa7bd60000 - 0x00007ffa7c554000 	C:\Users\siegf\AppData\Local\Temp\imgui-java-natives\1.89.0\imgui-java64.dll
0x00007ffa9dc10000 - 0x00007ffa9dda8000 	C:\Users\siegf\.gradle\jdks\jetbrains_s_r_o_-21-amd64-windows.2\bin\awt.dll
0x00007ffaada80000 - 0x00007ffaadac4000 	C:\Users\siegf\.gradle\jdks\jetbrains_s_r_o_-21-amd64-windows.2\bin\nvdaControllerClient64.dll
0x00007ffadc900000 - 0x00007ffadc994000 	C:\Windows\SYSTEM32\apphelp.dll
0x00007ffae0250000 - 0x00007ffae027e000 	C:\Windows\SYSTEM32\USERENV.dll
0x00007ffadf740000 - 0x00007ffadf77b000 	C:\Windows\SYSTEM32\IPHLPAPI.DLL
0x00007ffae2650000 - 0x00007ffae2658000 	C:\Windows\System32\NSI.dll

dbghelp: loaded successfully - version: 4.0.5 - missing functions: none
symbol engine: initialized successfully - sym options: 0x614 - pdb path: .;C:\Users\siegf\.gradle\jdks\jetbrains_s_r_o_-21-amd64-windows.2\bin;C:\Windows\SYSTEM32;C:\Windows\WinSxS\amd64_microsoft.windows.common-controls_6595b64144ccf1df_6.0.19041.5915_none_60b4b9d171f9c7c7;C:\Users\siegf\.gradle\jdks\jetbrains_s_r_o_-21-amd64-windows.2\bin\server;C:\Users\siegf\AppData\Local\Temp\lwjgl_siegf\3.3.6+1\x64;C:\Windows\System32\DriverStore\FileRepository\nvaei.inf_amd64_8e5c4611713b8592;C:\Users\siegf\AppData\Local\Temp\imgui-java-natives\1.89.0

VM Arguments:
jvm_args: -Dfile.encoding=UTF-8 -Duser.country=GB -Duser.language=en -Duser.variant 
java_command: me.wh4i3.turbine.Main
java_class_path (initial): C:\Users\siegf\source\Java\Turbine\build\classes\java\main;C:\Users\siegf\source\Java\Turbine\build\resources\main;C:\Users\siegf\.gradle\caches\modules-2\files-2.1\org.slf4j\slf4j-simple\1.7.27\59661ca47034c6a72e255e5803ae4019d2bd55c9\slf4j-simple-1.7.27.jar;C:\Users\siegf\.gradle\caches\modules-2\files-2.1\io.github.spair\imgui-java-app\1.89.0\b489c73b9762cd339860450dba936a0db5052d86\imgui-java-app-1.89.0.jar;C:\Users\siegf\.gradle\caches\modules-2\files-2.1\io.github.spair\imgui-java-lwjgl3\1.89.0\ecaa154c833084700e8acb1c3a10c68761095516\imgui-java-lwjgl3-1.89.0.jar;C:\Users\siegf\.gradle\caches\modules-2\files-2.1\org.lwjgl\lwjgl-assimp\3.3.6\931a8de55dd5ee546689119c85ed4d4af7fa68f2\lwjgl-assimp-3.3.6.jar;C:\Users\siegf\.gradle\caches\modules-2\files-2.1\org.lwjgl\lwjgl-assimp\3.3.6\486fa1e2db9fc903a0cab984604cef1a895b0e28\lwjgl-assimp-3.3.6-natives-windows.jar;C:\Users\siegf\.gradle\caches\modules-2\files-2.1\org.lwjgl\lwjgl-glfw\3.3.6\7119f7d0eeb1e5502ff0ca71d2b4d47317da015\lwjgl-glfw-3.3.6.jar;C:\Users\siegf\.gradle\caches\modules-2\files-2.1\org.lwjgl\lwjgl-glfw\3.3.6\99ef08056feb9627f90425a4d2a22cd9fae8e39b\lwjgl-glfw-3.3.6-natives-windows.jar;C:\Users\siegf\.gradle\caches\modules-2\files-2.1\org.lwjgl\lwjgl-glfw\3.3.6\797e0965709ad180d9b00c88a086dbda15002203\lwjgl-glfw-3.3.6-natives-linux.jar;C:\Users\siegf\.gradle\caches\modules-2\files-2.1\org.lwjgl\lwjgl-glfw\3.3.6\82c8d748a654241b5961ddd1c098e8b648e38a48\lwjgl-glfw-3.3.6-natives-macos.jar;C:\Users\siegf\.gradle\caches\modules-2\files-2.1\org.lwjgl\lwjgl-glfw\3.3.6\399b42b491c5dfa6595ae6fd79dcba61b93538a7\lwjgl-glfw-3.3.6-natives-macos-arm64.jar;C:\Users\siegf\.gradle\caches\modules-2\files-2.1\org.lwjgl\lwjgl-openal\3.3.6\ad313317ff399fd2a7f4dd74716a68cf3976c6ad\lwjgl-openal-3.3.6.jar;C:\Users\siegf\.gradle\caches\modules-2\files-2.1\org.lwjgl\lwjgl-openal\3.3.6\9c2b9b660e085bb0b47a4453dc0e26f24a5475e4\lwjgl-openal-3.3.6-natives-windows.jar;C:\Users\siegf\.gradle\caches\modules-2\files-2.1\org.lwjgl\lwjgl-opengl\3.3.6\ac2532612a4df374e9a9282bcf8ce2573018ebbb\lwjgl-opengl-3.3.6.jar;C:\Users\siegf\.gradle\caches\modules-2\files-2.1\org.lwjgl\lwjgl-opengl\3.3.6\18dc639ebc94aa5202c2157f7490d28997b697c5\lwjgl-opengl-3.3.6-natives-windows.jar;C:\Users\siegf\.gradle\caches\modules-2\files-2.1\org.lwjgl\lwjgl-opengl\3.3.6\b8dc6467fe232d552793c53dc56f9fa8a385299c\lwjgl-opengl-3.3.6-natives-linux.jar;C:\Users\siegf\.gradle\caches\modules-2\files-2.1\org.lwjgl\lwjgl-opengl\3.3.6\59f708eb4bf0be0204bbc9c06807911724673db6\lwjgl-opengl-3.3.6-natives-macos.jar;C:\Users\siegf\.gradle\caches\modules-2\files-2.1\org.lwjgl\lwjgl-opengl\3.3.6\fee4fb2ee786af6530b6f9188205a76bc4e05268\lwjgl-opengl-3.3.6-natives-macos-arm64.jar;C:\Users\siegf\.gradle\caches\modules-2\files-2.1\org.lwjgl\lwjgl-stb\3.3.6\e2d3739dcfe7b672b626ded66d94f6587083306e\lwjgl-stb-3.3.6.jar;C:\Users\siegf\.gradle\caches\modules-2\files-2.1\org.lwjgl\lwjgl-stb\3.3.6\334cf885b39e2db9070c39e70e65efb136435f10\lwjgl-stb-3.3.6-natives-windows.jar;C:\Users\siegf\.gradle\caches\modules-2\files-2.1\org.lwjgl\lwjgl\3.3.6\ce7721d30cfaf47feaed10213e0c43eb55c49d68\lwjgl-3.3.6.jar;C:\Users\siegf\.gradle\caches\modules-2\files-2.1\org.lwjgl\lwjgl\3.3.6\9a29b6a22fc5184604b8cb434ee5d5ecc4bfcbee\lwjgl-3.3.6-natives-windows.jar;C:\Users\siegf\.gradle\caches\modules-2\files-2.1\org.lwjgl\lwjgl\3.3.6\dc7db8fc4f1e6563867f9155b9a42d9c73d8992f\lwjgl-3.3.6-natives-linux.jar;C:\Users\siegf\.gradle\caches\modules-2\files-2.1\org.lwjgl\lwjgl\3.3.6\f14e7a5289d2355822f4f83b3fd38d158c939acd\lwjgl-3.3.6-natives-macos.jar;C:\Users\siegf\.gradle\caches\modules-2\files-2.1\org.lwjgl\lwjgl\3.3.6\832e2964ce74e02e768814a29c06d60645115b9a\lwjgl-3.3.6-natives-macos-arm64.jar;C:\Users\siegf\.gradle\caches\modules-2\files-2.1\org.joml\joml-primitives\1.10.0\b3ae3ae0dfee0bf5aef9f7964205cca0f3c6ea07\joml-primitives-1.10.0.jar;C:\Users\siegf\.gradle\caches\modules-2\files-2.1\org.joml\joml\1.10.8\fc0a71dad90a2cf41d82a76156a0e700af8e4f8d\joml-1.10.8.jar;C:\Users\siegf\.gradle\caches\modules-2\files-2.1\org.slf4j\slf4j-api\1.7.27\b628ec7448e775334ed58554eff9731a66bafdae\slf4j-api-1.7.27.jar;C:\Users\siegf\.gradle\caches\modules-2\files-2.1\io.github.spair\imgui-java-binding\1.89.0\97c691effb5cf18f918546df7e770cdee19a2fa2\imgui-java-binding-1.89.0.jar;C:\Users\siegf\.gradle\caches\modules-2\files-2.1\org.jetbrains.kotlin\kotlin-stdlib-jdk8\1.8.20\73576ddf378c5b4f1f6b449fe6b119b8183fc078\kotlin-stdlib-jdk8-1.8.20.jar;C:\Users\siegf\.gradle\caches\modules-2\files-2.1\org.jetbrains.kotlin\kotlin-stdlib-jdk7\1.8.20\3aa51faf20aae8b31e1a4bc54f8370673d7b7df4\kotlin-stdlib-jdk7-1.8.20.jar;C:\Users\siegf\.gradle\caches\modules-2\files-2.1\org.jetbrains.kotlin\kotlin-stdlib\1.8.20\e72fc5e03ec6c064c678a6bd0d955c88d55b0c4a\kotlin-stdlib-1.8.20.jar;C:\Users\siegf\.gradle\caches\modules-2\files-2.1\org.jetbrains.kotlin\kotlin-stdlib-common\1.8.20\5eddaaf234c8c49d03eebeb6a14feb7f90faca71\kotlin-stdlib-common-1.8.20.jar;C:\Users\siegf\.gradle\caches\modules-2\files-2.1\org.jetbrains\annotations\13.0\919f0dfe192fb4e063e7dacadee7f8bb9a2672a9\annotations-13.0.jar
Launcher Type: SUN_STANDARD

[Global flags]
     intx CICompilerCount                          = 4                                         {product} {ergonomic}
     uint ConcGCThreads                            = 3                                         {product} {ergonomic}
     uint G1ConcRefinementThreads                  = 10                                        {product} {ergonomic}
   size_t G1HeapRegionSize                         = 2097152                                   {product} {ergonomic}
    uintx GCDrainStackTargetSize                   = 64                                        {product} {ergonomic}
   size_t InitialHeapSize                          = 266338304                                 {product} {ergonomic}
   size_t MarkStackSize                            = 4194304                                   {product} {ergonomic}
   size_t MaxHeapSize                              = 4257218560                                {product} {ergonomic}
   size_t MaxNewSize                               = 2554331136                                {product} {ergonomic}
   size_t MinHeapDeltaBytes                        = 2097152                                   {product} {ergonomic}
   size_t MinHeapSize                              = 8388608                                   {product} {ergonomic}
    uintx NonNMethodCodeHeapSize                   = 5839372                                {pd product} {ergonomic}
    uintx NonProfiledCodeHeapSize                  = 122909434                              {pd product} {ergonomic}
    uintx ProfiledCodeHeapSize                     = 122909434                              {pd product} {ergonomic}
    uintx ReservedCodeCacheSize                    = 251658240                              {pd product} {ergonomic}
     bool SegmentedCodeCache                       = true                                      {product} {ergonomic}
   size_t SoftMaxHeapSize                          = 4257218560                             {manageable} {ergonomic}
     bool UseCompressedOops                        = true                           {product lp64_product} {ergonomic}
     bool UseG1GC                                  = true                                      {product} {ergonomic}
     bool UseLargePagesIndividualAllocation        = false                                  {pd product} {ergonomic}

Logging:
Log output configuration:
 #0: stdout all=warning uptime,level,tags foldmultilines=false
 #1: stderr all=off uptime,level,tags foldmultilines=false

Environment Variables:
JAVA_HOME=C:\Program Files\Java\jdk-21
PATH=C:\Ruby33-x64\bin;C:\Python312\Scripts\;C:\Python312\;C:\Program Files\Common Files\Oracle\Java\javapath;C:\Windows\system32;C:\Windows;C:\Windows\System32\Wbem;C:\Windows\System32\WindowsPowerShell\v1.0\;C:\Windows\System32\OpenSSH\;C:\Program Files\dotnet\;C:\Program Files\Git\cmd;C:\Program Files (x86)\NVIDIA Corporation\PhysX\Common;C:\Program Files\spwn\;C:\Program Files\NASM;C:\Program Files\Go\bin;C:\TDM-GCC-64\bin;C:\Program Files\nodejs\;C:\ProgramData\chocolatey\bin;C:\Python312\Lib\site-packages\PyInstaller;C:\php-8.4.0;C:\Program Files (x86)\Steam\steamapps\common\Counter-Strike Global Offensive\game\bin\RadGen\RadGen;C:\Program Files\Docker\Docker\resources\bin;C:\Gradle\gradle-8.14\bin;C:\Program Files (x86)\Windows Kits\10\Windows Performance Toolkit\;C:\Program Files\CMake\bin;C:\Program Files\NVIDIA Corporation\NVIDIA App\NvDLISR;C:\Windows\system32\config\systemprofile\AppData\Local\Muse Hub\lib;C:\Users\siegf\scoop\shims;C:\Users\siegf\.cargo\bin;C:\Users\siegf\AppData\Local\Microsoft\WindowsApps;C:\Users\siegf\AppData\Local\Programs\Microsoft VS Code\bin;C:\Users\siegf\.dotnet\tools;C:\Program Files\JetBrains\IntelliJ IDEA Community Edition 2024.3.2.2\bin;C:\Users\siegf\AppData\Local\GitHubDesktop\bin;C:\Program Files\NASM;C:\PATH_Programs;C:\Program Files\JetBrains\IntelliJ IDEA 2023.3.4\bin;C:\Users\siegf\go\bin;C:\TDM-GCC-64\bin;C:\Users\siegf\AppData\Roaming\npm;C:\Users\siegf\AppData\Local\Muse Hub\lib;C:\Users\siegf\AppData\Local\JetBrains\Toolbox\scripts;C:\Users\siegf\AppData\Local\Muse Hub\lib;C:\Users\siegf\.dotnet\tools;C:\Users\siegf\AppData\Local\Microsoft\WinGet\Links;
USERNAME=siegf
OS=Windows_NT
PROCESSOR_IDENTIFIER=Intel64 Family 6 Model 167 Stepping 1, GenuineIntel
TMP=C:\Users\siegf\AppData\Local\Temp
TEMP=C:\Users\siegf\AppData\Local\Temp




Periodic native trim disabled

JNI global refs:
JNI global refs: 103, weak refs: 5

JNI global refs memory usage: 1467, weak refs: 833

Process memory usage:
Resident Set Size: 154212K (0% of 16627136K total physical memory with 2433804K free physical memory)

OOME stack traces (most recent first):
Classloader memory used:
Loader jdk.internal.loader.ClassLoaders$AppClassLoader                                 : 6205K
Loader bootstrap                                                                       : 5936K
Loader jdk.internal.loader.ClassLoaders$PlatformClassLoader                            : 19696B

---------------  S Y S T E M  ---------------

OS:
 Windows 10 , 64 bit Build 19041 (10.0.19041.5915)
OS uptime: 4 days 16:45 hours
Hyper-V role detected

CPU: total 12 (initial active 12) (6 cores per cpu, 2 threads per core) family 6 model 167 stepping 1 microcode 0x24, cx8, cmov, fxsr, ht, mmx, 3dnowpref, sse, sse2, sse3, ssse3, sse4.1, sse4.2, popcnt, lzcnt, tsc, tscinvbit, avx, avx2, erms, clmul, bmi1, bmi2, adx, avx512f, avx512dq, avx512cd, avx512bw, avx512vl, sha, fma, vzeroupper, avx512_vpopcntdq, avx512_vpclmulqdq, avx512_vnni, clflush, clflushopt, avx512_vbmi2, avx512_vbmi, hv, rdtscp, rdpid, fsrm, gfni, avx512_bitalg, f16c, avx512_ifma
Processor Information for the first 12 processors :
  Max Mhz: 2592, Current Mhz: 2592, Mhz Limit: 2592

Memory: 4k page, system-wide physical 16237M (2376M free)
TotalPageFile size 29085M (AvailPageFile size 3362M)
current process WorkingSet (physical memory assigned to process): 150M, peak: 151M
current process commit charge ("private bytes"): 466M, peak: 470M

vm_info: OpenJDK 64-Bit Server VM (21.0.6+9-b895.97) for windows-amd64 JRE (21.0.6+9-b895.97), built on 2025-03-03 by "builduser" with MS VC++ 16.10 / 16.11 (VS2019)

END.
